2025-01-26 19:14:32,015 - __main__ - INFO - Logging to file: logs/train_display_20250126_191432.log
2025-01-26 19:14:32,016 - src.infrastructure.config_manager - INFO - Configuration loaded successfully
2025-01-26 19:14:32,016 - src.infrastructure.event_bus - INFO - Event bus started in async mode
2025-01-26 19:14:32,016 - src.announcements.announcements_module - INFO - Announcement Manager initialized with config: {'enabled': True, 'volume': 90, 'announcement_gap': 2.0, 'max_queue_size': 10, 'log_level': 'INFO', 'audio_config': {'echo': {'enabled': True, 'delay': 0.3, 'decay': 0.5, 'num_echoes': 3}}, 'announcement_types': {'delays': True, 'platform_changes': True, 'cancellations': True, 'on_time': False, 'departures': False, 'next_train': True, 'arriving': True, 'line_status': True}}
2025-01-26 19:14:32,016 - src.infrastructure.event_bus - DEBUG - Added handler for announcement_request
2025-01-26 19:14:32,016 - src.infrastructure.event_bus - DEBUG - Added handler for announcement_cancel
2025-01-26 19:14:32,016 - src.infrastructure.event_bus - DEBUG - Added handler for display_update
2025-01-26 19:14:32,016 - src.infrastructure.event_bus - DEBUG - Added handler for display_clear
2025-01-26 19:14:32,016 - src.infrastructure.event_bus - DEBUG - Added handler for status_update
2025-01-26 19:14:32,016 - src.infrastructure.event_bus - DEBUG - Added handler for status_request
2025-01-26 19:14:32,031 - src.presentation.displays.base_display - INFO - Initializing display rail (256x64)
2025-01-26 19:14:32,031 - src.presentation.displays.base_display - INFO - Subscribing display rail to events
2025-01-26 19:14:32,031 - src.infrastructure.event_bus - DEBUG - Added handler for display_update
2025-01-26 19:14:32,031 - src.infrastructure.event_bus - DEBUG - Added handler for display_clear
2025-01-26 19:14:32,031 - src.presentation.renderers.components.text - DEBUG - TextComponent initialized with text: 
2025-01-26 19:14:32,031 - src.presentation.displays.rail_display - INFO - Rail display initialized
2025-01-26 19:14:32,031 - src.infrastructure.event_bus - DEBUG - Added handler for display_update
2025-01-26 19:14:32,031 - src.infrastructure.event_bus - DEBUG - Added handler for display_clear
2025-01-26 19:14:32,031 - src.presentation.displays.rail_display - INFO - Drawing error message: Waiting for data...
2025-01-26 19:14:32,031 - src.presentation.renderers.components.text - DEBUG - Setting text style: align=center, color=1, padding=(0, 0, 0, 0)
2025-01-26 19:14:32,031 - src.presentation.renderers.components.text - DEBUG - Setting text to: Waiting for data...
2025-01-26 19:14:32,031 - src.presentation.displays.rail_display - INFO - Rendering rail display
2025-01-26 19:14:32,031 - src.presentation.renderers.components.text - DEBUG - Rendering text: Waiting for data...
2025-01-26 19:14:32,032 - src.presentation.renderers.components.text - DEBUG - Text bounds: left=0, top=0, right=83, bottom=8
2025-01-26 19:14:32,032 - src.presentation.renderers.components.text - DEBUG - Text dimensions: 83x8
2025-01-26 19:14:32,032 - src.presentation.renderers.components.text - DEBUG - Text size calculated: (83, 8) for text: Waiting for data...
2025-01-26 19:14:32,032 - src.presentation.renderers.components.text - DEBUG - Drawing text at position: (0, 0)
2025-01-26 19:14:32,034 - src.presentation.renderers.components.text - DEBUG - Created bitmap with size: (83, 8)
2025-01-26 19:14:32,034 - src.presentation.displays.rail_display - DEBUG - Drawing text content: Waiting for data...
2025-01-26 19:14:32,034 - src.presentation.renderers.components.text - DEBUG - Rendering text: Waiting for data...
2025-01-26 19:14:32,034 - src.presentation.renderers.components.text - DEBUG - Text bounds: left=0, top=0, right=83, bottom=8
2025-01-26 19:14:32,034 - src.presentation.renderers.components.text - DEBUG - Text dimensions: 83x8
2025-01-26 19:14:32,034 - src.presentation.displays.rail_display - DEBUG - Drawing scroll content
2025-01-26 19:14:32,034 - src.presentation.displays.base_display - WARNING - No device set for display rail
2025-01-26 19:14:32,192 - src.display_manager - INFO - MockDisplay initialized Primary (256x64)
2025-01-26 19:14:32,192 - src.services.display_service - INFO - Registering display: rail
2025-01-26 19:14:32,192 - src.presentation.displays.rail_display - INFO - Rendering rail display
2025-01-26 19:14:32,192 - src.presentation.renderers.components.text - DEBUG - Rendering text: Waiting for data...
2025-01-26 19:14:32,193 - src.presentation.renderers.components.text - DEBUG - Text bounds: left=0, top=0, right=83, bottom=8
2025-01-26 19:14:32,193 - src.presentation.renderers.components.text - DEBUG - Text dimensions: 83x8
2025-01-26 19:14:32,193 - src.presentation.displays.rail_display - DEBUG - Drawing text content: Waiting for data...
2025-01-26 19:14:32,193 - src.presentation.renderers.components.text - DEBUG - Rendering text: Waiting for data...
2025-01-26 19:14:32,193 - src.presentation.renderers.components.text - DEBUG - Text bounds: left=0, top=0, right=83, bottom=8
2025-01-26 19:14:32,193 - src.presentation.renderers.components.text - DEBUG - Text dimensions: 83x8
2025-01-26 19:14:32,193 - src.presentation.displays.rail_display - DEBUG - Drawing scroll content
2025-01-26 19:14:32,193 - src.presentation.displays.base_display - INFO - Updating device for display rail with image size (256, 64)
2025-01-26 19:14:32,193 - src.display_manager - DEBUG - Received image mode: 1, size: (256, 64)
2025-01-26 19:14:32,193 - src.display_manager - DEBUG - Image size: (256, 64), White pixels: 234/16384 (1.43%)
2025-01-26 19:14:32,200 - src.presentation.displays.base_display - INFO - Initializing display tfl_secondary (256x64)
2025-01-26 19:14:32,200 - src.presentation.displays.base_display - INFO - Subscribing display tfl_secondary to events
2025-01-26 19:14:32,200 - src.infrastructure.event_bus - DEBUG - Added handler for display_update
2025-01-26 19:14:32,200 - src.infrastructure.event_bus - DEBUG - Added handler for display_clear
2025-01-26 19:14:32,200 - src.presentation.renderers.components.text - DEBUG - TextComponent initialized with text: 
2025-01-26 19:14:32,200 - src.presentation.displays.tfl_display - INFO - TfL display initialized
2025-01-26 19:14:32,200 - src.infrastructure.event_bus - DEBUG - Added handler for display_update
2025-01-26 19:14:32,200 - src.infrastructure.event_bus - DEBUG - Added handler for display_clear
2025-01-26 19:14:32,200 - src.presentation.displays.tfl_display - INFO - Drawing error message: Waiting for data...
2025-01-26 19:14:32,200 - src.presentation.renderers.components.text - DEBUG - Setting text style: align=center, color=1, padding=(0, 0, 0, 0)
2025-01-26 19:14:32,200 - src.presentation.renderers.components.text - DEBUG - Setting text to: Waiting for data...
2025-01-26 19:14:32,200 - src.presentation.displays.tfl_display - INFO - Rendering TfL display
2025-01-26 19:14:32,200 - src.presentation.renderers.components.text - DEBUG - Rendering text: Waiting for data...
2025-01-26 19:14:32,201 - src.presentation.renderers.components.text - DEBUG - Text bounds: left=0, top=0, right=83, bottom=8
2025-01-26 19:14:32,201 - src.presentation.renderers.components.text - DEBUG - Text dimensions: 83x8
2025-01-26 19:14:32,201 - src.presentation.renderers.components.text - DEBUG - Text size calculated: (83, 8) for text: Waiting for data...
2025-01-26 19:14:32,201 - src.presentation.renderers.components.text - DEBUG - Drawing text at position: (0, 0)
2025-01-26 19:14:32,203 - src.presentation.renderers.components.text - DEBUG - Created bitmap with size: (83, 8)
2025-01-26 19:14:32,203 - src.presentation.displays.tfl_display - DEBUG - Drawing text content: Waiting for data...
2025-01-26 19:14:32,203 - src.presentation.renderers.components.text - DEBUG - Rendering text: Waiting for data...
2025-01-26 19:14:32,203 - src.presentation.renderers.components.text - DEBUG - Text bounds: left=0, top=0, right=83, bottom=8
2025-01-26 19:14:32,203 - src.presentation.renderers.components.text - DEBUG - Text dimensions: 83x8
2025-01-26 19:14:32,203 - src.presentation.displays.tfl_display - DEBUG - Drawing scroll content
2025-01-26 19:14:32,203 - src.presentation.displays.base_display - WARNING - No device set for display tfl_secondary
2025-01-26 19:14:32,242 - src.display_manager - INFO - MockDisplay initialized Secondary (256x64)
2025-01-26 19:14:32,242 - src.services.display_service - INFO - Registering display: tfl_secondary
2025-01-26 19:14:32,242 - src.presentation.displays.tfl_display - INFO - Rendering TfL display
2025-01-26 19:14:32,242 - src.presentation.renderers.components.text - DEBUG - Rendering text: Waiting for data...
2025-01-26 19:14:32,242 - src.presentation.renderers.components.text - DEBUG - Text bounds: left=0, top=0, right=83, bottom=8
2025-01-26 19:14:32,242 - src.presentation.renderers.components.text - DEBUG - Text dimensions: 83x8
2025-01-26 19:14:32,242 - src.presentation.displays.tfl_display - DEBUG - Drawing text content: Waiting for data...
2025-01-26 19:14:32,242 - src.presentation.renderers.components.text - DEBUG - Rendering text: Waiting for data...
2025-01-26 19:14:32,243 - src.presentation.renderers.components.text - DEBUG - Text bounds: left=0, top=0, right=83, bottom=8
2025-01-26 19:14:32,243 - src.presentation.renderers.components.text - DEBUG - Text dimensions: 83x8
2025-01-26 19:14:32,243 - src.presentation.displays.tfl_display - DEBUG - Drawing scroll content
2025-01-26 19:14:32,243 - src.presentation.displays.base_display - INFO - Updating device for display tfl_secondary with image size (256, 64)
2025-01-26 19:14:32,243 - src.display_manager - DEBUG - Received image mode: 1, size: (256, 64)
2025-01-26 19:14:32,243 - src.display_manager - DEBUG - Image size: (256, 64), White pixels: 234/16384 (1.43%)
2025-01-26 19:14:32,246 - src.infrastructure.event_bus - DEBUG - Added handler for service_update
2025-01-26 19:14:32,246 - src.infrastructure.event_bus - DEBUG - Added handler for service_error
2025-01-26 19:14:32,246 - __main__ - INFO - Starting train departure display...
2025-01-26 19:14:32,246 - src.services.display_service - INFO - Updating display rail with content: {'error': 'Waiting for data...'}
2025-01-26 19:14:32,246 - src.presentation.displays.rail_display - INFO - Updating display content: {'error': 'Waiting for data...'}
2025-01-26 19:14:32,246 - src.presentation.displays.rail_display - INFO - Clearing display content
2025-01-26 19:14:32,246 - src.presentation.renderers.components.text - DEBUG - Setting text to: 
2025-01-26 19:14:32,246 - src.presentation.displays.rail_display - INFO - Drawing error message: Waiting for data...
2025-01-26 19:14:32,246 - src.presentation.renderers.components.text - DEBUG - Setting text style: align=center, color=1, padding=(0, 0, 0, 0)
2025-01-26 19:14:32,246 - src.presentation.renderers.components.text - DEBUG - Setting text to: Waiting for data...
2025-01-26 19:14:32,246 - src.presentation.displays.rail_display - INFO - Rendering rail display
2025-01-26 19:14:32,246 - src.presentation.renderers.components.text - DEBUG - Rendering text: Waiting for data...
2025-01-26 19:14:32,247 - src.presentation.renderers.components.text - DEBUG - Text bounds: left=0, top=0, right=83, bottom=8
2025-01-26 19:14:32,247 - src.presentation.renderers.components.text - DEBUG - Text dimensions: 83x8
2025-01-26 19:14:32,248 - src.presentation.renderers.components.text - DEBUG - Text size calculated: (83, 8) for text: Waiting for data...
2025-01-26 19:14:32,248 - src.presentation.renderers.components.text - DEBUG - Drawing text at position: (0, 0)
2025-01-26 19:14:32,249 - src.presentation.renderers.components.text - DEBUG - Created bitmap with size: (83, 8)
2025-01-26 19:14:32,249 - src.presentation.displays.rail_display - DEBUG - Drawing text content: Waiting for data...
2025-01-26 19:14:32,249 - src.presentation.renderers.components.text - DEBUG - Rendering text: Waiting for data...
2025-01-26 19:14:32,250 - src.presentation.renderers.components.text - DEBUG - Text bounds: left=0, top=0, right=83, bottom=8
2025-01-26 19:14:32,250 - src.presentation.renderers.components.text - DEBUG - Text dimensions: 83x8
2025-01-26 19:14:32,250 - src.presentation.displays.rail_display - DEBUG - Drawing scroll content
2025-01-26 19:14:32,250 - src.presentation.displays.base_display - INFO - Updating device for display rail with image size (256, 64)
2025-01-26 19:14:32,250 - src.display_manager - DEBUG - Received image mode: 1, size: (256, 64)
2025-01-26 19:14:32,250 - src.display_manager - DEBUG - Image size: (256, 64), White pixels: 234/16384 (1.43%)
2025-01-26 19:14:32,259 - src.services.display_service - INFO - Rendering display rail
2025-01-26 19:14:32,259 - src.presentation.displays.rail_display - INFO - Rendering rail display
2025-01-26 19:14:32,259 - src.presentation.renderers.components.text - DEBUG - Rendering text: Waiting for data...
2025-01-26 19:14:32,260 - src.presentation.renderers.components.text - DEBUG - Text bounds: left=0, top=0, right=83, bottom=8
2025-01-26 19:14:32,260 - src.presentation.renderers.components.text - DEBUG - Text dimensions: 83x8
2025-01-26 19:14:32,260 - src.presentation.displays.rail_display - DEBUG - Drawing text content: Waiting for data...
2025-01-26 19:14:32,260 - src.presentation.renderers.components.text - DEBUG - Rendering text: Waiting for data...
2025-01-26 19:14:32,260 - src.presentation.renderers.components.text - DEBUG - Text bounds: left=0, top=0, right=83, bottom=8
2025-01-26 19:14:32,260 - src.presentation.renderers.components.text - DEBUG - Text dimensions: 83x8
2025-01-26 19:14:32,260 - src.presentation.displays.rail_display - DEBUG - Drawing scroll content
2025-01-26 19:14:32,260 - src.presentation.displays.base_display - INFO - Updating device for display rail with image size (256, 64)
2025-01-26 19:14:32,260 - src.display_manager - DEBUG - Received image mode: 1, size: (256, 64)
2025-01-26 19:14:32,261 - src.display_manager - DEBUG - Image size: (256, 64), White pixels: 234/16384 (1.43%)
2025-01-26 19:14:32,263 - src.infrastructure.event_bus - DEBUG - Queued event display_updated
2025-01-26 19:14:32,263 - src.infrastructure.event_bus - DEBUG - Processing event display_updated
2025-01-26 19:14:32,263 - src.services.display_service - WARNING - Display not found: tfl
2025-01-26 19:14:32,263 - src.infrastructure.event_bus - DEBUG - Queued event service_error
2025-01-26 19:14:32,263 - src.infrastructure.event_bus - DEBUG - Processing event service_error
2025-01-26 19:14:32,263 - src.infrastructure.event_bus - DEBUG - Added handler for timer_tick
2025-01-26 19:14:32,272 - urllib3.connectionpool - DEBUG - Starting new HTTPS connection (1): lite.realtime.nationalrail.co.uk:443
2025-01-26 19:14:32,364 - src.services.display_service - DEBUG - Updating all displays
2025-01-26 19:14:32,364 - src.presentation.displays.rail_display - INFO - Rendering rail display
2025-01-26 19:14:32,364 - src.presentation.renderers.components.text - DEBUG - Rendering text: Waiting for data...
2025-01-26 19:14:32,364 - src.presentation.renderers.components.text - DEBUG - Text bounds: left=0, top=0, right=83, bottom=8
2025-01-26 19:14:32,364 - src.presentation.renderers.components.text - DEBUG - Text dimensions: 83x8
2025-01-26 19:14:32,364 - src.presentation.displays.rail_display - DEBUG - Drawing text content: Waiting for data...
2025-01-26 19:14:32,364 - src.presentation.renderers.components.text - DEBUG - Rendering text: Waiting for data...
2025-01-26 19:14:32,365 - src.presentation.renderers.components.text - DEBUG - Text bounds: left=0, top=0, right=83, bottom=8
2025-01-26 19:14:32,365 - src.presentation.renderers.components.text - DEBUG - Text dimensions: 83x8
2025-01-26 19:14:32,365 - src.presentation.displays.rail_display - DEBUG - Drawing scroll content
2025-01-26 19:14:32,365 - src.presentation.displays.base_display - INFO - Updating device for display rail with image size (256, 64)
2025-01-26 19:14:32,365 - src.display_manager - DEBUG - Received image mode: 1, size: (256, 64)
2025-01-26 19:14:32,365 - src.display_manager - DEBUG - Image size: (256, 64), White pixels: 234/16384 (1.43%)
2025-01-26 19:14:32,376 - src.presentation.displays.tfl_display - INFO - Rendering TfL display
2025-01-26 19:14:32,376 - src.presentation.renderers.components.text - DEBUG - Rendering text: Waiting for data...
2025-01-26 19:14:32,377 - src.presentation.renderers.components.text - DEBUG - Text bounds: left=0, top=0, right=83, bottom=8
2025-01-26 19:14:32,377 - src.presentation.renderers.components.text - DEBUG - Text dimensions: 83x8
2025-01-26 19:14:32,377 - src.presentation.displays.tfl_display - DEBUG - Drawing text content: Waiting for data...
2025-01-26 19:14:32,377 - src.presentation.renderers.components.text - DEBUG - Rendering text: Waiting for data...
2025-01-26 19:14:32,377 - src.presentation.renderers.components.text - DEBUG - Text bounds: left=0, top=0, right=83, bottom=8
2025-01-26 19:14:32,377 - src.presentation.renderers.components.text - DEBUG - Text dimensions: 83x8
2025-01-26 19:14:32,377 - src.presentation.displays.tfl_display - DEBUG - Drawing scroll content
2025-01-26 19:14:32,377 - src.presentation.displays.base_display - INFO - Updating device for display tfl_secondary with image size (256, 64)
2025-01-26 19:14:32,377 - src.display_manager - DEBUG - Received image mode: 1, size: (256, 64)
2025-01-26 19:14:32,377 - src.display_manager - DEBUG - Image size: (256, 64), White pixels: 234/16384 (1.43%)
2025-01-26 19:14:32,480 - src.services.display_service - DEBUG - Updating all displays
2025-01-26 19:14:32,480 - src.presentation.displays.rail_display - INFO - Rendering rail display
2025-01-26 19:14:32,480 - src.presentation.renderers.components.text - DEBUG - Rendering text: Waiting for data...
2025-01-26 19:14:32,482 - src.presentation.renderers.components.text - DEBUG - Text bounds: left=0, top=0, right=83, bottom=8
2025-01-26 19:14:32,482 - src.presentation.renderers.components.text - DEBUG - Text dimensions: 83x8
2025-01-26 19:14:32,482 - src.presentation.displays.rail_display - DEBUG - Drawing text content: Waiting for data...
2025-01-26 19:14:32,482 - src.presentation.renderers.components.text - DEBUG - Rendering text: Waiting for data...
2025-01-26 19:14:32,483 - src.presentation.renderers.components.text - DEBUG - Text bounds: left=0, top=0, right=83, bottom=8
2025-01-26 19:14:32,483 - src.presentation.renderers.components.text - DEBUG - Text dimensions: 83x8
2025-01-26 19:14:32,483 - src.presentation.displays.rail_display - DEBUG - Drawing scroll content
2025-01-26 19:14:32,483 - src.presentation.displays.base_display - INFO - Updating device for display rail with image size (256, 64)
2025-01-26 19:14:32,483 - src.display_manager - DEBUG - Received image mode: 1, size: (256, 64)
2025-01-26 19:14:32,483 - src.display_manager - DEBUG - Image size: (256, 64), White pixels: 234/16384 (1.43%)
2025-01-26 19:14:32,485 - src.presentation.displays.tfl_display - INFO - Rendering TfL display
2025-01-26 19:14:32,485 - src.presentation.renderers.components.text - DEBUG - Rendering text: Waiting for data...
2025-01-26 19:14:32,486 - src.presentation.renderers.components.text - DEBUG - Text bounds: left=0, top=0, right=83, bottom=8
2025-01-26 19:14:32,486 - src.presentation.renderers.components.text - DEBUG - Text dimensions: 83x8
2025-01-26 19:14:32,486 - src.presentation.displays.tfl_display - DEBUG - Drawing text content: Waiting for data...
2025-01-26 19:14:32,486 - src.presentation.renderers.components.text - DEBUG - Rendering text: Waiting for data...
2025-01-26 19:14:32,487 - src.presentation.renderers.components.text - DEBUG - Text bounds: left=0, top=0, right=83, bottom=8
2025-01-26 19:14:32,487 - src.presentation.renderers.components.text - DEBUG - Text dimensions: 83x8
2025-01-26 19:14:32,487 - src.presentation.displays.tfl_display - DEBUG - Drawing scroll content
2025-01-26 19:14:32,487 - src.presentation.displays.base_display - INFO - Updating device for display tfl_secondary with image size (256, 64)
2025-01-26 19:14:32,487 - src.display_manager - DEBUG - Received image mode: 1, size: (256, 64)
2025-01-26 19:14:32,487 - src.display_manager - DEBUG - Image size: (256, 64), White pixels: 234/16384 (1.43%)
2025-01-26 19:14:32,535 - urllib3.connectionpool - DEBUG - https://lite.realtime.nationalrail.co.uk:443 "POST /OpenLDBWS/ldb11.asmx HTTP/11" 200 31461
2025-01-26 19:14:32,538 - src.trains - DEBUG - Processing departures for station: London Waterloo
2025-01-26 19:14:32,538 - src.api.rail_client - INFO - Got 10 departures for London Waterloo
2025-01-26 19:14:32,540 - urllib3.connectionpool - DEBUG - Starting new HTTPS connection (1): lite.realtime.nationalrail.co.uk:443
2025-01-26 19:14:32,594 - src.services.display_service - DEBUG - Updating all displays
2025-01-26 19:14:32,594 - src.presentation.displays.rail_display - INFO - Rendering rail display
2025-01-26 19:14:32,594 - src.presentation.renderers.components.text - DEBUG - Rendering text: Waiting for data...
2025-01-26 19:14:32,595 - src.presentation.renderers.components.text - DEBUG - Text bounds: left=0, top=0, right=83, bottom=8
2025-01-26 19:14:32,595 - src.presentation.renderers.components.text - DEBUG - Text dimensions: 83x8
2025-01-26 19:14:32,595 - src.presentation.displays.rail_display - DEBUG - Drawing text content: Waiting for data...
2025-01-26 19:14:32,595 - src.presentation.renderers.components.text - DEBUG - Rendering text: Waiting for data...
2025-01-26 19:14:32,597 - src.presentation.renderers.components.text - DEBUG - Text bounds: left=0, top=0, right=83, bottom=8
2025-01-26 19:14:32,597 - src.presentation.renderers.components.text - DEBUG - Text dimensions: 83x8
2025-01-26 19:14:32,597 - src.presentation.displays.rail_display - DEBUG - Drawing scroll content
2025-01-26 19:14:32,597 - src.presentation.displays.base_display - INFO - Updating device for display rail with image size (256, 64)
2025-01-26 19:14:32,597 - src.display_manager - DEBUG - Received image mode: 1, size: (256, 64)
2025-01-26 19:14:32,597 - src.display_manager - DEBUG - Image size: (256, 64), White pixels: 234/16384 (1.43%)
2025-01-26 19:14:32,600 - src.presentation.displays.tfl_display - INFO - Rendering TfL display
2025-01-26 19:14:32,600 - src.presentation.renderers.components.text - DEBUG - Rendering text: Waiting for data...
2025-01-26 19:14:32,601 - src.presentation.renderers.components.text - DEBUG - Text bounds: left=0, top=0, right=83, bottom=8
2025-01-26 19:14:32,601 - src.presentation.renderers.components.text - DEBUG - Text dimensions: 83x8
2025-01-26 19:14:32,601 - src.presentation.displays.tfl_display - DEBUG - Drawing text content: Waiting for data...
2025-01-26 19:14:32,601 - src.presentation.renderers.components.text - DEBUG - Rendering text: Waiting for data...
2025-01-26 19:14:32,602 - src.presentation.renderers.components.text - DEBUG - Text bounds: left=0, top=0, right=83, bottom=8
2025-01-26 19:14:32,602 - src.presentation.renderers.components.text - DEBUG - Text dimensions: 83x8
2025-01-26 19:14:32,602 - src.presentation.displays.tfl_display - DEBUG - Drawing scroll content
2025-01-26 19:14:32,602 - src.presentation.displays.base_display - INFO - Updating device for display tfl_secondary with image size (256, 64)
2025-01-26 19:14:32,602 - src.display_manager - DEBUG - Received image mode: 1, size: (256, 64)
2025-01-26 19:14:32,602 - src.display_manager - DEBUG - Image size: (256, 64), White pixels: 234/16384 (1.43%)
2025-01-26 19:14:32,711 - src.services.display_service - DEBUG - Updating all displays
2025-01-26 19:14:32,711 - src.presentation.displays.rail_display - INFO - Rendering rail display
2025-01-26 19:14:32,711 - src.presentation.renderers.components.text - DEBUG - Rendering text: Waiting for data...
2025-01-26 19:14:32,714 - src.presentation.renderers.components.text - DEBUG - Text bounds: left=0, top=0, right=83, bottom=8
2025-01-26 19:14:32,714 - src.presentation.renderers.components.text - DEBUG - Text dimensions: 83x8
2025-01-26 19:14:32,714 - src.presentation.displays.rail_display - DEBUG - Drawing text content: Waiting for data...
2025-01-26 19:14:32,714 - src.presentation.renderers.components.text - DEBUG - Rendering text: Waiting for data...
2025-01-26 19:14:32,716 - src.presentation.renderers.components.text - DEBUG - Text bounds: left=0, top=0, right=83, bottom=8
2025-01-26 19:14:32,716 - src.presentation.renderers.components.text - DEBUG - Text dimensions: 83x8
2025-01-26 19:14:32,716 - src.presentation.displays.rail_display - DEBUG - Drawing scroll content
2025-01-26 19:14:32,717 - src.presentation.displays.base_display - INFO - Updating device for display rail with image size (256, 64)
2025-01-26 19:14:32,717 - src.display_manager - DEBUG - Received image mode: 1, size: (256, 64)
2025-01-26 19:14:32,717 - src.display_manager - DEBUG - Image size: (256, 64), White pixels: 234/16384 (1.43%)
2025-01-26 19:14:32,722 - src.presentation.displays.tfl_display - INFO - Rendering TfL display
2025-01-26 19:14:32,722 - src.presentation.renderers.components.text - DEBUG - Rendering text: Waiting for data...
2025-01-26 19:14:32,724 - src.presentation.renderers.components.text - DEBUG - Text bounds: left=0, top=0, right=83, bottom=8
2025-01-26 19:14:32,724 - src.presentation.renderers.components.text - DEBUG - Text dimensions: 83x8
2025-01-26 19:14:32,724 - src.presentation.displays.tfl_display - DEBUG - Drawing text content: Waiting for data...
2025-01-26 19:14:32,724 - src.presentation.renderers.components.text - DEBUG - Rendering text: Waiting for data...
2025-01-26 19:14:32,726 - src.presentation.renderers.components.text - DEBUG - Text bounds: left=0, top=0, right=83, bottom=8
2025-01-26 19:14:32,726 - src.presentation.renderers.components.text - DEBUG - Text dimensions: 83x8
2025-01-26 19:14:32,726 - src.presentation.displays.tfl_display - DEBUG - Drawing scroll content
2025-01-26 19:14:32,726 - src.presentation.displays.base_display - INFO - Updating device for display tfl_secondary with image size (256, 64)
2025-01-26 19:14:32,726 - src.display_manager - DEBUG - Received image mode: 1, size: (256, 64)
2025-01-26 19:14:32,726 - src.display_manager - DEBUG - Image size: (256, 64), White pixels: 234/16384 (1.43%)
2025-01-26 19:14:32,767 - urllib3.connectionpool - DEBUG - https://lite.realtime.nationalrail.co.uk:443 "POST /OpenLDBWS/ldb11.asmx HTTP/11" 200 31790
2025-01-26 19:14:32,833 - src.trains - DEBUG - Processing departures for station: London Victoria
2025-01-26 19:14:32,833 - src.services.display_service - DEBUG - Updating all displays
2025-01-26 19:14:32,833 - src.presentation.displays.rail_display - INFO - Rendering rail display
2025-01-26 19:14:32,834 - src.api.rail_client - INFO - Got 10 departures for London Victoria
2025-01-26 19:14:32,834 - src.presentation.renderers.components.text - DEBUG - Rendering text: Waiting for data...
2025-01-26 19:14:32,836 - src.presentation.renderers.components.text - DEBUG - Text bounds: left=0, top=0, right=83, bottom=8
2025-01-26 19:14:32,836 - src.presentation.renderers.components.text - DEBUG - Text dimensions: 83x8
2025-01-26 19:14:32,837 - src.presentation.displays.rail_display - DEBUG - Drawing text content: Waiting for data...
2025-01-26 19:14:32,837 - src.presentation.renderers.components.text - DEBUG - Rendering text: Waiting for data...
2025-01-26 19:14:32,839 - src.presentation.renderers.components.text - DEBUG - Text bounds: left=0, top=0, right=83, bottom=8
2025-01-26 19:14:32,839 - src.presentation.renderers.components.text - DEBUG - Text dimensions: 83x8
2025-01-26 19:14:32,839 - src.presentation.displays.rail_display - DEBUG - Drawing scroll content
2025-01-26 19:14:32,839 - src.presentation.displays.base_display - INFO - Updating device for display rail with image size (256, 64)
2025-01-26 19:14:32,839 - src.display_manager - DEBUG - Received image mode: 1, size: (256, 64)
2025-01-26 19:14:32,839 - src.display_manager - DEBUG - Image size: (256, 64), White pixels: 234/16384 (1.43%)
2025-01-26 19:14:32,841 - urllib3.connectionpool - DEBUG - Starting new HTTPS connection (1): lite.realtime.nationalrail.co.uk:443
2025-01-26 19:14:32,843 - src.presentation.displays.tfl_display - INFO - Rendering TfL display
2025-01-26 19:14:32,844 - src.presentation.renderers.components.text - DEBUG - Rendering text: Waiting for data...
2025-01-26 19:14:32,845 - src.presentation.renderers.components.text - DEBUG - Text bounds: left=0, top=0, right=83, bottom=8
2025-01-26 19:14:32,845 - src.presentation.renderers.components.text - DEBUG - Text dimensions: 83x8
2025-01-26 19:14:32,845 - src.presentation.displays.tfl_display - DEBUG - Drawing text content: Waiting for data...
2025-01-26 19:14:32,845 - src.presentation.renderers.components.text - DEBUG - Rendering text: Waiting for data...
2025-01-26 19:14:32,847 - src.presentation.renderers.components.text - DEBUG - Text bounds: left=0, top=0, right=83, bottom=8
2025-01-26 19:14:32,847 - src.presentation.renderers.components.text - DEBUG - Text dimensions: 83x8
2025-01-26 19:14:32,847 - src.presentation.displays.tfl_display - DEBUG - Drawing scroll content
2025-01-26 19:14:32,847 - src.presentation.displays.base_display - INFO - Updating device for display tfl_secondary with image size (256, 64)
2025-01-26 19:14:32,847 - src.display_manager - DEBUG - Received image mode: 1, size: (256, 64)
2025-01-26 19:14:32,847 - src.display_manager - DEBUG - Image size: (256, 64), White pixels: 234/16384 (1.43%)
2025-01-26 19:14:32,950 - src.services.display_service - DEBUG - Updating all displays
2025-01-26 19:14:32,950 - src.presentation.displays.rail_display - INFO - Rendering rail display
2025-01-26 19:14:32,951 - src.presentation.renderers.components.text - DEBUG - Rendering text: Waiting for data...
2025-01-26 19:14:32,952 - src.presentation.renderers.components.text - DEBUG - Text bounds: left=0, top=0, right=83, bottom=8
2025-01-26 19:14:32,952 - src.presentation.renderers.components.text - DEBUG - Text dimensions: 83x8
2025-01-26 19:14:32,952 - src.presentation.displays.rail_display - DEBUG - Drawing text content: Waiting for data...
2025-01-26 19:14:32,952 - src.presentation.renderers.components.text - DEBUG - Rendering text: Waiting for data...
2025-01-26 19:14:32,953 - src.presentation.renderers.components.text - DEBUG - Text bounds: left=0, top=0, right=83, bottom=8
2025-01-26 19:14:32,953 - src.presentation.renderers.components.text - DEBUG - Text dimensions: 83x8
2025-01-26 19:14:32,953 - src.presentation.displays.rail_display - DEBUG - Drawing scroll content
2025-01-26 19:14:32,953 - src.presentation.displays.base_display - INFO - Updating device for display rail with image size (256, 64)
2025-01-26 19:14:32,953 - src.display_manager - DEBUG - Received image mode: 1, size: (256, 64)
2025-01-26 19:14:32,953 - src.display_manager - DEBUG - Image size: (256, 64), White pixels: 234/16384 (1.43%)
2025-01-26 19:14:32,963 - src.presentation.displays.tfl_display - INFO - Rendering TfL display
2025-01-26 19:14:32,963 - src.presentation.renderers.components.text - DEBUG - Rendering text: Waiting for data...
2025-01-26 19:14:32,964 - src.presentation.renderers.components.text - DEBUG - Text bounds: left=0, top=0, right=83, bottom=8
2025-01-26 19:14:32,964 - src.presentation.renderers.components.text - DEBUG - Text dimensions: 83x8
2025-01-26 19:14:32,964 - src.presentation.displays.tfl_display - DEBUG - Drawing text content: Waiting for data...
2025-01-26 19:14:32,964 - src.presentation.renderers.components.text - DEBUG - Rendering text: Waiting for data...
2025-01-26 19:14:32,965 - src.presentation.renderers.components.text - DEBUG - Text bounds: left=0, top=0, right=83, bottom=8
2025-01-26 19:14:32,965 - src.presentation.renderers.components.text - DEBUG - Text dimensions: 83x8
2025-01-26 19:14:32,965 - src.presentation.displays.tfl_display - DEBUG - Drawing scroll content
2025-01-26 19:14:32,965 - src.presentation.displays.base_display - INFO - Updating device for display tfl_secondary with image size (256, 64)
2025-01-26 19:14:32,965 - src.display_manager - DEBUG - Received image mode: 1, size: (256, 64)
2025-01-26 19:14:32,965 - src.display_manager - DEBUG - Image size: (256, 64), White pixels: 234/16384 (1.43%)
2025-01-26 19:14:33,060 - urllib3.connectionpool - DEBUG - https://lite.realtime.nationalrail.co.uk:443 "POST /OpenLDBWS/ldb11.asmx HTTP/11" 200 25406
2025-01-26 19:14:33,078 - src.services.display_service - DEBUG - Updating all displays
2025-01-26 19:14:33,078 - src.presentation.displays.rail_display - INFO - Rendering rail display
2025-01-26 19:14:33,078 - src.presentation.renderers.components.text - DEBUG - Rendering text: Waiting for data...
2025-01-26 19:14:33,079 - src.presentation.renderers.components.text - DEBUG - Text bounds: left=0, top=0, right=83, bottom=8
2025-01-26 19:14:33,079 - src.presentation.renderers.components.text - DEBUG - Text dimensions: 83x8
2025-01-26 19:14:33,080 - src.presentation.displays.rail_display - DEBUG - Drawing text content: Waiting for data...
2025-01-26 19:14:33,080 - src.presentation.renderers.components.text - DEBUG - Rendering text: Waiting for data...
2025-01-26 19:14:33,081 - src.presentation.renderers.components.text - DEBUG - Text bounds: left=0, top=0, right=83, bottom=8
2025-01-26 19:14:33,081 - src.presentation.renderers.components.text - DEBUG - Text dimensions: 83x8
2025-01-26 19:14:33,081 - src.presentation.displays.rail_display - DEBUG - Drawing scroll content
2025-01-26 19:14:33,081 - src.presentation.displays.base_display - INFO - Updating device for display rail with image size (256, 64)
2025-01-26 19:14:33,081 - src.display_manager - DEBUG - Received image mode: 1, size: (256, 64)
2025-01-26 19:14:33,082 - src.display_manager - DEBUG - Image size: (256, 64), White pixels: 234/16384 (1.43%)
2025-01-26 19:14:33,084 - src.presentation.displays.tfl_display - INFO - Rendering TfL display
2025-01-26 19:14:33,085 - src.presentation.renderers.components.text - DEBUG - Rendering text: Waiting for data...
2025-01-26 19:14:33,086 - src.presentation.renderers.components.text - DEBUG - Text bounds: left=0, top=0, right=83, bottom=8
2025-01-26 19:14:33,086 - src.presentation.renderers.components.text - DEBUG - Text dimensions: 83x8
2025-01-26 19:14:33,086 - src.presentation.displays.tfl_display - DEBUG - Drawing text content: Waiting for data...
2025-01-26 19:14:33,086 - src.presentation.renderers.components.text - DEBUG - Rendering text: Waiting for data...
2025-01-26 19:14:33,087 - src.presentation.renderers.components.text - DEBUG - Text bounds: left=0, top=0, right=83, bottom=8
2025-01-26 19:14:33,087 - src.presentation.renderers.components.text - DEBUG - Text dimensions: 83x8
2025-01-26 19:14:33,087 - src.presentation.displays.tfl_display - DEBUG - Drawing scroll content
2025-01-26 19:14:33,087 - src.presentation.displays.base_display - INFO - Updating device for display tfl_secondary with image size (256, 64)
2025-01-26 19:14:33,087 - src.display_manager - DEBUG - Received image mode: 1, size: (256, 64)
2025-01-26 19:14:33,087 - src.display_manager - DEBUG - Image size: (256, 64), White pixels: 234/16384 (1.43%)
2025-01-26 19:14:33,126 - src.trains - DEBUG - Processing departures for station: London Liverpool Street
2025-01-26 19:14:33,127 - src.api.rail_client - INFO - Got 10 departures for London Liverpool Street
2025-01-26 19:14:33,129 - urllib3.connectionpool - DEBUG - Starting new HTTPS connection (1): lite.realtime.nationalrail.co.uk:443
2025-01-26 19:14:33,195 - src.services.display_service - DEBUG - Updating all displays
2025-01-26 19:14:33,195 - src.presentation.displays.rail_display - INFO - Rendering rail display
2025-01-26 19:14:33,195 - src.presentation.renderers.components.text - DEBUG - Rendering text: Waiting for data...
2025-01-26 19:14:33,199 - src.presentation.renderers.components.text - DEBUG - Text bounds: left=0, top=0, right=83, bottom=8
2025-01-26 19:14:33,199 - src.presentation.renderers.components.text - DEBUG - Text dimensions: 83x8
2025-01-26 19:14:33,199 - src.presentation.displays.rail_display - DEBUG - Drawing text content: Waiting for data...
2025-01-26 19:14:33,199 - src.presentation.renderers.components.text - DEBUG - Rendering text: Waiting for data...
2025-01-26 19:14:33,201 - src.presentation.renderers.components.text - DEBUG - Text bounds: left=0, top=0, right=83, bottom=8
2025-01-26 19:14:33,201 - src.presentation.renderers.components.text - DEBUG - Text dimensions: 83x8
2025-01-26 19:14:33,201 - src.presentation.displays.rail_display - DEBUG - Drawing scroll content
2025-01-26 19:14:33,201 - src.presentation.displays.base_display - INFO - Updating device for display rail with image size (256, 64)
2025-01-26 19:14:33,201 - src.display_manager - DEBUG - Received image mode: 1, size: (256, 64)
2025-01-26 19:14:33,202 - src.display_manager - DEBUG - Image size: (256, 64), White pixels: 234/16384 (1.43%)
2025-01-26 19:14:33,206 - src.presentation.displays.tfl_display - INFO - Rendering TfL display
2025-01-26 19:14:33,206 - src.presentation.renderers.components.text - DEBUG - Rendering text: Waiting for data...
2025-01-26 19:14:33,208 - src.presentation.renderers.components.text - DEBUG - Text bounds: left=0, top=0, right=83, bottom=8
2025-01-26 19:14:33,208 - src.presentation.renderers.components.text - DEBUG - Text dimensions: 83x8
2025-01-26 19:14:33,208 - src.presentation.displays.tfl_display - DEBUG - Drawing text content: Waiting for data...
2025-01-26 19:14:33,208 - src.presentation.renderers.components.text - DEBUG - Rendering text: Waiting for data...
2025-01-26 19:14:33,209 - src.presentation.renderers.components.text - DEBUG - Text bounds: left=0, top=0, right=83, bottom=8
2025-01-26 19:14:33,209 - src.presentation.renderers.components.text - DEBUG - Text dimensions: 83x8
2025-01-26 19:14:33,210 - src.presentation.displays.tfl_display - DEBUG - Drawing scroll content
2025-01-26 19:14:33,210 - src.presentation.displays.base_display - INFO - Updating device for display tfl_secondary with image size (256, 64)
2025-01-26 19:14:33,210 - src.display_manager - DEBUG - Received image mode: 1, size: (256, 64)
2025-01-26 19:14:33,210 - src.display_manager - DEBUG - Image size: (256, 64), White pixels: 234/16384 (1.43%)
2025-01-26 19:14:33,347 - src.services.display_service - DEBUG - Updating all displays
2025-01-26 19:14:33,348 - src.presentation.displays.rail_display - INFO - Rendering rail display
2025-01-26 19:14:33,348 - src.presentation.renderers.components.text - DEBUG - Rendering text: Waiting for data...
2025-01-26 19:14:33,351 - src.presentation.renderers.components.text - DEBUG - Text bounds: left=0, top=0, right=83, bottom=8
2025-01-26 19:14:33,351 - src.presentation.renderers.components.text - DEBUG - Text dimensions: 83x8
2025-01-26 19:14:33,351 - src.presentation.displays.rail_display - DEBUG - Drawing text content: Waiting for data...
2025-01-26 19:14:33,352 - src.presentation.renderers.components.text - DEBUG - Rendering text: Waiting for data...
2025-01-26 19:14:33,354 - src.presentation.renderers.components.text - DEBUG - Text bounds: left=0, top=0, right=83, bottom=8
2025-01-26 19:14:33,354 - src.presentation.renderers.components.text - DEBUG - Text dimensions: 83x8
2025-01-26 19:14:33,354 - src.presentation.displays.rail_display - DEBUG - Drawing scroll content
2025-01-26 19:14:33,354 - src.presentation.displays.base_display - INFO - Updating device for display rail with image size (256, 64)
2025-01-26 19:14:33,354 - src.display_manager - DEBUG - Received image mode: 1, size: (256, 64)
2025-01-26 19:14:33,354 - src.display_manager - DEBUG - Image size: (256, 64), White pixels: 234/16384 (1.43%)
2025-01-26 19:14:33,358 - src.presentation.displays.tfl_display - INFO - Rendering TfL display
2025-01-26 19:14:33,358 - src.presentation.renderers.components.text - DEBUG - Rendering text: Waiting for data...
2025-01-26 19:14:33,360 - src.presentation.renderers.components.text - DEBUG - Text bounds: left=0, top=0, right=83, bottom=8
2025-01-26 19:14:33,360 - src.presentation.renderers.components.text - DEBUG - Text dimensions: 83x8
2025-01-26 19:14:33,360 - src.presentation.displays.tfl_display - DEBUG - Drawing text content: Waiting for data...
2025-01-26 19:14:33,360 - src.presentation.renderers.components.text - DEBUG - Rendering text: Waiting for data...
2025-01-26 19:14:33,361 - src.presentation.renderers.components.text - DEBUG - Text bounds: left=0, top=0, right=83, bottom=8
2025-01-26 19:14:33,361 - src.presentation.renderers.components.text - DEBUG - Text dimensions: 83x8
2025-01-26 19:14:33,361 - src.presentation.displays.tfl_display - DEBUG - Drawing scroll content
2025-01-26 19:14:33,361 - src.presentation.displays.base_display - INFO - Updating device for display tfl_secondary with image size (256, 64)
2025-01-26 19:14:33,361 - src.display_manager - DEBUG - Received image mode: 1, size: (256, 64)
2025-01-26 19:14:33,361 - src.display_manager - DEBUG - Image size: (256, 64), White pixels: 234/16384 (1.43%)
2025-01-26 19:14:33,405 - urllib3.connectionpool - DEBUG - https://lite.realtime.nationalrail.co.uk:443 "POST /OpenLDBWS/ldb11.asmx HTTP/11" 200 17561
2025-01-26 19:14:33,465 - src.services.display_service - DEBUG - Updating all displays
2025-01-26 19:14:33,465 - src.presentation.displays.rail_display - INFO - Rendering rail display
2025-01-26 19:14:33,465 - src.presentation.renderers.components.text - DEBUG - Rendering text: Waiting for data...
2025-01-26 19:14:33,469 - src.presentation.renderers.components.text - DEBUG - Text bounds: left=0, top=0, right=83, bottom=8
2025-01-26 19:14:33,469 - src.presentation.renderers.components.text - DEBUG - Text dimensions: 83x8
2025-01-26 19:14:33,471 - src.trains - DEBUG - Processing departures for station: London Paddington
2025-01-26 19:14:33,471 - src.presentation.displays.rail_display - DEBUG - Drawing text content: Waiting for data...
2025-01-26 19:14:33,472 - src.infrastructure.event_bus - DEBUG - Queued event service_error
2025-01-26 19:14:33,472 - src.infrastructure.event_bus - DEBUG - Processing event service_error
2025-01-26 19:14:33,472 - src.presentation.renderers.components.text - DEBUG - Rendering text: Waiting for data...
2025-01-26 19:14:33,474 - src.presentation.renderers.components.text - DEBUG - Text bounds: left=0, top=0, right=83, bottom=8
2025-01-26 19:14:33,474 - src.presentation.renderers.components.text - DEBUG - Text dimensions: 83x8
2025-01-26 19:14:33,474 - src.presentation.displays.rail_display - DEBUG - Drawing scroll content
2025-01-26 19:14:33,474 - src.presentation.displays.base_display - INFO - Updating device for display rail with image size (256, 64)
2025-01-26 19:14:33,474 - src.display_manager - DEBUG - Received image mode: 1, size: (256, 64)
2025-01-26 19:14:33,474 - src.display_manager - DEBUG - Image size: (256, 64), White pixels: 234/16384 (1.43%)
2025-01-26 19:14:33,478 - src.presentation.displays.tfl_display - INFO - Rendering TfL display
2025-01-26 19:14:33,478 - src.presentation.renderers.components.text - DEBUG - Rendering text: Waiting for data...
2025-01-26 19:14:33,480 - src.presentation.renderers.components.text - DEBUG - Text bounds: left=0, top=0, right=83, bottom=8
2025-01-26 19:14:33,480 - src.presentation.renderers.components.text - DEBUG - Text dimensions: 83x8
2025-01-26 19:14:33,480 - src.presentation.displays.tfl_display - DEBUG - Drawing text content: Waiting for data...
2025-01-26 19:14:33,480 - src.presentation.renderers.components.text - DEBUG - Rendering text: Waiting for data...
2025-01-26 19:14:33,481 - src.presentation.renderers.components.text - DEBUG - Text bounds: left=0, top=0, right=83, bottom=8
2025-01-26 19:14:33,482 - src.presentation.renderers.components.text - DEBUG - Text dimensions: 83x8
2025-01-26 19:14:33,482 - src.presentation.displays.tfl_display - DEBUG - Drawing scroll content
2025-01-26 19:14:33,482 - src.presentation.displays.base_display - INFO - Updating device for display tfl_secondary with image size (256, 64)
2025-01-26 19:14:33,482 - src.display_manager - DEBUG - Received image mode: 1, size: (256, 64)
2025-01-26 19:14:33,482 - src.display_manager - DEBUG - Image size: (256, 64), White pixels: 234/16384 (1.43%)
2025-01-26 19:14:33,585 - src.services.display_service - DEBUG - Updating all displays
2025-01-26 19:14:33,585 - src.presentation.displays.rail_display - INFO - Rendering rail display
2025-01-26 19:14:33,586 - src.presentation.renderers.components.text - DEBUG - Rendering text: Waiting for data...
2025-01-26 19:14:33,588 - src.presentation.renderers.components.text - DEBUG - Text bounds: left=0, top=0, right=83, bottom=8
2025-01-26 19:14:33,588 - src.presentation.renderers.components.text - DEBUG - Text dimensions: 83x8
2025-01-26 19:14:33,589 - src.presentation.displays.rail_display - DEBUG - Drawing text content: Waiting for data...
2025-01-26 19:14:33,589 - src.presentation.renderers.components.text - DEBUG - Rendering text: Waiting for data...
2025-01-26 19:14:33,590 - src.presentation.renderers.components.text - DEBUG - Text bounds: left=0, top=0, right=83, bottom=8
2025-01-26 19:14:33,590 - src.presentation.renderers.components.text - DEBUG - Text dimensions: 83x8
2025-01-26 19:14:33,590 - src.presentation.displays.rail_display - DEBUG - Drawing scroll content
2025-01-26 19:14:33,590 - src.presentation.displays.base_display - INFO - Updating device for display rail with image size (256, 64)
2025-01-26 19:14:33,590 - src.display_manager - DEBUG - Received image mode: 1, size: (256, 64)
2025-01-26 19:14:33,591 - src.display_manager - DEBUG - Image size: (256, 64), White pixels: 234/16384 (1.43%)
2025-01-26 19:14:33,595 - src.presentation.displays.tfl_display - INFO - Rendering TfL display
2025-01-26 19:14:33,595 - src.presentation.renderers.components.text - DEBUG - Rendering text: Waiting for data...
2025-01-26 19:14:33,597 - src.presentation.renderers.components.text - DEBUG - Text bounds: left=0, top=0, right=83, bottom=8
2025-01-26 19:14:33,597 - src.presentation.renderers.components.text - DEBUG - Text dimensions: 83x8
2025-01-26 19:14:33,597 - src.presentation.displays.tfl_display - DEBUG - Drawing text content: Waiting for data...
2025-01-26 19:14:33,597 - src.presentation.renderers.components.text - DEBUG - Rendering text: Waiting for data...
2025-01-26 19:14:33,598 - src.presentation.renderers.components.text - DEBUG - Text bounds: left=0, top=0, right=83, bottom=8
2025-01-26 19:14:33,598 - src.presentation.renderers.components.text - DEBUG - Text dimensions: 83x8
2025-01-26 19:14:33,598 - src.presentation.displays.tfl_display - DEBUG - Drawing scroll content
2025-01-26 19:14:33,598 - src.presentation.displays.base_display - INFO - Updating device for display tfl_secondary with image size (256, 64)
2025-01-26 19:14:33,599 - src.display_manager - DEBUG - Received image mode: 1, size: (256, 64)
2025-01-26 19:14:33,599 - src.display_manager - DEBUG - Image size: (256, 64), White pixels: 234/16384 (1.43%)
2025-01-26 19:14:33,702 - src.services.display_service - DEBUG - Updating all displays
2025-01-26 19:14:33,702 - src.presentation.displays.rail_display - INFO - Rendering rail display
2025-01-26 19:14:33,703 - src.presentation.renderers.components.text - DEBUG - Rendering text: Waiting for data...
2025-01-26 19:14:33,706 - src.presentation.renderers.components.text - DEBUG - Text bounds: left=0, top=0, right=83, bottom=8
2025-01-26 19:14:33,706 - src.presentation.renderers.components.text - DEBUG - Text dimensions: 83x8
2025-01-26 19:14:33,706 - src.presentation.displays.rail_display - DEBUG - Drawing text content: Waiting for data...
2025-01-26 19:14:33,706 - src.presentation.renderers.components.text - DEBUG - Rendering text: Waiting for data...
2025-01-26 19:14:33,708 - src.presentation.renderers.components.text - DEBUG - Text bounds: left=0, top=0, right=83, bottom=8
2025-01-26 19:14:33,708 - src.presentation.renderers.components.text - DEBUG - Text dimensions: 83x8
2025-01-26 19:14:33,708 - src.presentation.displays.rail_display - DEBUG - Drawing scroll content
2025-01-26 19:14:33,708 - src.presentation.displays.base_display - INFO - Updating device for display rail with image size (256, 64)
2025-01-26 19:14:33,708 - src.display_manager - DEBUG - Received image mode: 1, size: (256, 64)
2025-01-26 19:14:33,709 - src.display_manager - DEBUG - Image size: (256, 64), White pixels: 234/16384 (1.43%)
2025-01-26 19:14:33,711 - src.presentation.displays.tfl_display - INFO - Rendering TfL display
2025-01-26 19:14:33,711 - src.presentation.renderers.components.text - DEBUG - Rendering text: Waiting for data...
2025-01-26 19:14:33,712 - src.presentation.renderers.components.text - DEBUG - Text bounds: left=0, top=0, right=83, bottom=8
2025-01-26 19:14:33,712 - src.presentation.renderers.components.text - DEBUG - Text dimensions: 83x8
2025-01-26 19:14:33,712 - src.presentation.displays.tfl_display - DEBUG - Drawing text content: Waiting for data...
2025-01-26 19:14:33,712 - src.presentation.renderers.components.text - DEBUG - Rendering text: Waiting for data...
2025-01-26 19:14:33,713 - src.presentation.renderers.components.text - DEBUG - Text bounds: left=0, top=0, right=83, bottom=8
2025-01-26 19:14:33,713 - src.presentation.renderers.components.text - DEBUG - Text dimensions: 83x8
2025-01-26 19:14:33,713 - src.presentation.displays.tfl_display - DEBUG - Drawing scroll content
2025-01-26 19:14:33,713 - src.presentation.displays.base_display - INFO - Updating device for display tfl_secondary with image size (256, 64)
2025-01-26 19:14:33,713 - src.display_manager - DEBUG - Received image mode: 1, size: (256, 64)
2025-01-26 19:14:33,713 - src.display_manager - DEBUG - Image size: (256, 64), White pixels: 234/16384 (1.43%)
2025-01-26 19:14:33,816 - src.services.display_service - DEBUG - Updating all displays
2025-01-26 19:14:33,816 - src.presentation.displays.rail_display - INFO - Rendering rail display
2025-01-26 19:14:33,816 - src.presentation.renderers.components.text - DEBUG - Rendering text: Waiting for data...
2025-01-26 19:14:33,819 - src.presentation.renderers.components.text - DEBUG - Text bounds: left=0, top=0, right=83, bottom=8
2025-01-26 19:14:33,819 - src.presentation.renderers.components.text - DEBUG - Text dimensions: 83x8
2025-01-26 19:14:33,820 - src.presentation.displays.rail_display - DEBUG - Drawing text content: Waiting for data...
2025-01-26 19:14:33,820 - src.presentation.renderers.components.text - DEBUG - Rendering text: Waiting for data...
2025-01-26 19:14:33,821 - src.presentation.renderers.components.text - DEBUG - Text bounds: left=0, top=0, right=83, bottom=8
2025-01-26 19:14:33,821 - src.presentation.renderers.components.text - DEBUG - Text dimensions: 83x8
2025-01-26 19:14:33,821 - src.presentation.displays.rail_display - DEBUG - Drawing scroll content
2025-01-26 19:14:33,822 - src.presentation.displays.base_display - INFO - Updating device for display rail with image size (256, 64)
2025-01-26 19:14:33,822 - src.display_manager - DEBUG - Received image mode: 1, size: (256, 64)
2025-01-26 19:14:33,822 - src.display_manager - DEBUG - Image size: (256, 64), White pixels: 234/16384 (1.43%)
2025-01-26 19:14:33,827 - src.presentation.displays.tfl_display - INFO - Rendering TfL display
2025-01-26 19:14:33,827 - src.presentation.renderers.components.text - DEBUG - Rendering text: Waiting for data...
2025-01-26 19:14:33,829 - src.presentation.renderers.components.text - DEBUG - Text bounds: left=0, top=0, right=83, bottom=8
2025-01-26 19:14:33,829 - src.presentation.renderers.components.text - DEBUG - Text dimensions: 83x8
2025-01-26 19:14:33,829 - src.presentation.displays.tfl_display - DEBUG - Drawing text content: Waiting for data...
2025-01-26 19:14:33,829 - src.presentation.renderers.components.text - DEBUG - Rendering text: Waiting for data...
2025-01-26 19:14:33,830 - src.presentation.renderers.components.text - DEBUG - Text bounds: left=0, top=0, right=83, bottom=8
2025-01-26 19:14:33,830 - src.presentation.renderers.components.text - DEBUG - Text dimensions: 83x8
2025-01-26 19:14:33,830 - src.presentation.displays.tfl_display - DEBUG - Drawing scroll content
2025-01-26 19:14:33,831 - src.presentation.displays.base_display - INFO - Updating device for display tfl_secondary with image size (256, 64)
2025-01-26 19:14:33,831 - src.display_manager - DEBUG - Received image mode: 1, size: (256, 64)
2025-01-26 19:14:33,831 - src.display_manager - DEBUG - Image size: (256, 64), White pixels: 234/16384 (1.43%)
2025-01-26 19:14:33,936 - src.services.display_service - DEBUG - Updating all displays
2025-01-26 19:14:33,936 - src.presentation.displays.rail_display - INFO - Rendering rail display
2025-01-26 19:14:33,936 - src.presentation.renderers.components.text - DEBUG - Rendering text: Waiting for data...
2025-01-26 19:14:33,939 - src.presentation.renderers.components.text - DEBUG - Text bounds: left=0, top=0, right=83, bottom=8
2025-01-26 19:14:33,940 - src.presentation.renderers.components.text - DEBUG - Text dimensions: 83x8
2025-01-26 19:14:33,940 - src.presentation.displays.rail_display - DEBUG - Drawing text content: Waiting for data...
2025-01-26 19:14:33,940 - src.presentation.renderers.components.text - DEBUG - Rendering text: Waiting for data...
2025-01-26 19:14:33,941 - src.presentation.renderers.components.text - DEBUG - Text bounds: left=0, top=0, right=83, bottom=8
2025-01-26 19:14:33,941 - src.presentation.renderers.components.text - DEBUG - Text dimensions: 83x8
2025-01-26 19:14:33,941 - src.presentation.displays.rail_display - DEBUG - Drawing scroll content
2025-01-26 19:14:33,941 - src.presentation.displays.base_display - INFO - Updating device for display rail with image size (256, 64)
2025-01-26 19:14:33,941 - src.display_manager - DEBUG - Received image mode: 1, size: (256, 64)
2025-01-26 19:14:33,942 - src.display_manager - DEBUG - Image size: (256, 64), White pixels: 234/16384 (1.43%)
2025-01-26 19:14:33,946 - src.presentation.displays.tfl_display - INFO - Rendering TfL display
2025-01-26 19:14:33,946 - src.presentation.renderers.components.text - DEBUG - Rendering text: Waiting for data...
2025-01-26 19:14:33,948 - src.presentation.renderers.components.text - DEBUG - Text bounds: left=0, top=0, right=83, bottom=8
2025-01-26 19:14:33,948 - src.presentation.renderers.components.text - DEBUG - Text dimensions: 83x8
2025-01-26 19:14:33,948 - src.presentation.displays.tfl_display - DEBUG - Drawing text content: Waiting for data...
2025-01-26 19:14:33,948 - src.presentation.renderers.components.text - DEBUG - Rendering text: Waiting for data...
2025-01-26 19:14:33,949 - src.presentation.renderers.components.text - DEBUG - Text bounds: left=0, top=0, right=83, bottom=8
2025-01-26 19:14:33,950 - src.presentation.renderers.components.text - DEBUG - Text dimensions: 83x8
2025-01-26 19:14:33,950 - src.presentation.displays.tfl_display - DEBUG - Drawing scroll content
2025-01-26 19:14:33,950 - src.presentation.displays.base_display - INFO - Updating device for display tfl_secondary with image size (256, 64)
2025-01-26 19:14:33,950 - src.display_manager - DEBUG - Received image mode: 1, size: (256, 64)
2025-01-26 19:14:33,950 - src.display_manager - DEBUG - Image size: (256, 64), White pixels: 234/16384 (1.43%)
2025-01-26 19:14:34,063 - src.services.display_service - DEBUG - Updating all displays
2025-01-26 19:14:34,063 - src.presentation.displays.rail_display - INFO - Rendering rail display
2025-01-26 19:14:34,063 - src.presentation.renderers.components.text - DEBUG - Rendering text: Waiting for data...
2025-01-26 19:14:34,066 - src.presentation.renderers.components.text - DEBUG - Text bounds: left=0, top=0, right=83, bottom=8
2025-01-26 19:14:34,066 - src.presentation.renderers.components.text - DEBUG - Text dimensions: 83x8
2025-01-26 19:14:34,066 - src.presentation.displays.rail_display - DEBUG - Drawing text content: Waiting for data...
2025-01-26 19:14:34,066 - src.presentation.renderers.components.text - DEBUG - Rendering text: Waiting for data...
2025-01-26 19:14:34,069 - src.presentation.renderers.components.text - DEBUG - Text bounds: left=0, top=0, right=83, bottom=8
2025-01-26 19:14:34,069 - src.presentation.renderers.components.text - DEBUG - Text dimensions: 83x8
2025-01-26 19:14:34,069 - src.presentation.displays.rail_display - DEBUG - Drawing scroll content
2025-01-26 19:14:34,069 - src.presentation.displays.base_display - INFO - Updating device for display rail with image size (256, 64)
2025-01-26 19:14:34,069 - src.display_manager - DEBUG - Received image mode: 1, size: (256, 64)
2025-01-26 19:14:34,069 - src.display_manager - DEBUG - Image size: (256, 64), White pixels: 234/16384 (1.43%)
2025-01-26 19:14:34,074 - src.presentation.displays.tfl_display - INFO - Rendering TfL display
2025-01-26 19:14:34,074 - src.presentation.renderers.components.text - DEBUG - Rendering text: Waiting for data...
2025-01-26 19:14:34,076 - src.presentation.renderers.components.text - DEBUG - Text bounds: left=0, top=0, right=83, bottom=8
2025-01-26 19:14:34,076 - src.presentation.renderers.components.text - DEBUG - Text dimensions: 83x8
2025-01-26 19:14:34,076 - src.presentation.displays.tfl_display - DEBUG - Drawing text content: Waiting for data...
2025-01-26 19:14:34,076 - src.presentation.renderers.components.text - DEBUG - Rendering text: Waiting for data...
2025-01-26 19:14:34,078 - src.presentation.renderers.components.text - DEBUG - Text bounds: left=0, top=0, right=83, bottom=8
2025-01-26 19:14:34,078 - src.presentation.renderers.components.text - DEBUG - Text dimensions: 83x8
2025-01-26 19:14:34,078 - src.presentation.displays.tfl_display - DEBUG - Drawing scroll content
2025-01-26 19:14:34,078 - src.presentation.displays.base_display - INFO - Updating device for display tfl_secondary with image size (256, 64)
2025-01-26 19:14:34,078 - src.display_manager - DEBUG - Received image mode: 1, size: (256, 64)
2025-01-26 19:14:34,078 - src.display_manager - DEBUG - Image size: (256, 64), White pixels: 234/16384 (1.43%)
2025-01-26 19:14:34,183 - src.services.display_service - DEBUG - Updating all displays
2025-01-26 19:14:34,183 - src.presentation.displays.rail_display - INFO - Rendering rail display
2025-01-26 19:14:34,183 - src.presentation.renderers.components.text - DEBUG - Rendering text: Waiting for data...
2025-01-26 19:14:34,185 - src.presentation.renderers.components.text - DEBUG - Text bounds: left=0, top=0, right=83, bottom=8
2025-01-26 19:14:34,185 - src.presentation.renderers.components.text - DEBUG - Text dimensions: 83x8
2025-01-26 19:14:34,185 - src.presentation.displays.rail_display - DEBUG - Drawing text content: Waiting for data...
2025-01-26 19:14:34,185 - src.presentation.renderers.components.text - DEBUG - Rendering text: Waiting for data...
2025-01-26 19:14:34,187 - src.presentation.renderers.components.text - DEBUG - Text bounds: left=0, top=0, right=83, bottom=8
2025-01-26 19:14:34,187 - src.presentation.renderers.components.text - DEBUG - Text dimensions: 83x8
2025-01-26 19:14:34,187 - src.presentation.displays.rail_display - DEBUG - Drawing scroll content
2025-01-26 19:14:34,187 - src.presentation.displays.base_display - INFO - Updating device for display rail with image size (256, 64)
2025-01-26 19:14:34,187 - src.display_manager - DEBUG - Received image mode: 1, size: (256, 64)
2025-01-26 19:14:34,188 - src.display_manager - DEBUG - Image size: (256, 64), White pixels: 234/16384 (1.43%)
2025-01-26 19:14:34,192 - src.presentation.displays.tfl_display - INFO - Rendering TfL display
2025-01-26 19:14:34,192 - src.presentation.renderers.components.text - DEBUG - Rendering text: Waiting for data...
2025-01-26 19:14:34,194 - src.presentation.renderers.components.text - DEBUG - Text bounds: left=0, top=0, right=83, bottom=8
2025-01-26 19:14:34,194 - src.presentation.renderers.components.text - DEBUG - Text dimensions: 83x8
2025-01-26 19:14:34,194 - src.presentation.displays.tfl_display - DEBUG - Drawing text content: Waiting for data...
2025-01-26 19:14:34,194 - src.presentation.renderers.components.text - DEBUG - Rendering text: Waiting for data...
2025-01-26 19:14:34,196 - src.presentation.renderers.components.text - DEBUG - Text bounds: left=0, top=0, right=83, bottom=8
2025-01-26 19:14:34,196 - src.presentation.renderers.components.text - DEBUG - Text dimensions: 83x8
2025-01-26 19:14:34,196 - src.presentation.displays.tfl_display - DEBUG - Drawing scroll content
2025-01-26 19:14:34,196 - src.presentation.displays.base_display - INFO - Updating device for display tfl_secondary with image size (256, 64)
2025-01-26 19:14:34,196 - src.display_manager - DEBUG - Received image mode: 1, size: (256, 64)
2025-01-26 19:14:34,196 - src.display_manager - DEBUG - Image size: (256, 64), White pixels: 234/16384 (1.43%)
2025-01-26 19:14:34,301 - src.services.display_service - DEBUG - Updating all displays
2025-01-26 19:14:34,301 - src.presentation.displays.rail_display - INFO - Rendering rail display
2025-01-26 19:14:34,302 - src.presentation.renderers.components.text - DEBUG - Rendering text: Waiting for data...
2025-01-26 19:14:34,305 - src.presentation.renderers.components.text - DEBUG - Text bounds: left=0, top=0, right=83, bottom=8
2025-01-26 19:14:34,305 - src.presentation.renderers.components.text - DEBUG - Text dimensions: 83x8
2025-01-26 19:14:34,305 - src.presentation.displays.rail_display - DEBUG - Drawing text content: Waiting for data...
2025-01-26 19:14:34,305 - src.presentation.renderers.components.text - DEBUG - Rendering text: Waiting for data...
2025-01-26 19:14:34,308 - src.presentation.renderers.components.text - DEBUG - Text bounds: left=0, top=0, right=83, bottom=8
2025-01-26 19:14:34,308 - src.presentation.renderers.components.text - DEBUG - Text dimensions: 83x8
2025-01-26 19:14:34,308 - src.presentation.displays.rail_display - DEBUG - Drawing scroll content
2025-01-26 19:14:34,308 - src.presentation.displays.base_display - INFO - Updating device for display rail with image size (256, 64)
2025-01-26 19:14:34,308 - src.display_manager - DEBUG - Received image mode: 1, size: (256, 64)
2025-01-26 19:14:34,308 - src.display_manager - DEBUG - Image size: (256, 64), White pixels: 234/16384 (1.43%)
2025-01-26 19:14:34,311 - src.presentation.displays.tfl_display - INFO - Rendering TfL display
2025-01-26 19:14:34,311 - src.presentation.renderers.components.text - DEBUG - Rendering text: Waiting for data...
2025-01-26 19:14:34,312 - src.presentation.renderers.components.text - DEBUG - Text bounds: left=0, top=0, right=83, bottom=8
2025-01-26 19:14:34,312 - src.presentation.renderers.components.text - DEBUG - Text dimensions: 83x8
2025-01-26 19:14:34,312 - src.presentation.displays.tfl_display - DEBUG - Drawing text content: Waiting for data...
2025-01-26 19:14:34,312 - src.presentation.renderers.components.text - DEBUG - Rendering text: Waiting for data...
2025-01-26 19:14:34,313 - src.presentation.renderers.components.text - DEBUG - Text bounds: left=0, top=0, right=83, bottom=8
2025-01-26 19:14:34,313 - src.presentation.renderers.components.text - DEBUG - Text dimensions: 83x8
2025-01-26 19:14:34,313 - src.presentation.displays.tfl_display - DEBUG - Drawing scroll content
2025-01-26 19:14:34,313 - src.presentation.displays.base_display - INFO - Updating device for display tfl_secondary with image size (256, 64)
2025-01-26 19:14:34,313 - src.display_manager - DEBUG - Received image mode: 1, size: (256, 64)
2025-01-26 19:14:34,313 - src.display_manager - DEBUG - Image size: (256, 64), White pixels: 234/16384 (1.43%)
2025-01-26 19:14:34,416 - src.services.display_service - DEBUG - Updating all displays
2025-01-26 19:14:34,416 - src.presentation.displays.rail_display - INFO - Rendering rail display
2025-01-26 19:14:34,416 - src.presentation.renderers.components.text - DEBUG - Rendering text: Waiting for data...
2025-01-26 19:14:34,419 - src.presentation.renderers.components.text - DEBUG - Text bounds: left=0, top=0, right=83, bottom=8
2025-01-26 19:14:34,420 - src.presentation.renderers.components.text - DEBUG - Text dimensions: 83x8
2025-01-26 19:14:34,420 - src.presentation.displays.rail_display - DEBUG - Drawing text content: Waiting for data...
2025-01-26 19:14:34,420 - src.presentation.renderers.components.text - DEBUG - Rendering text: Waiting for data...
2025-01-26 19:14:34,421 - src.presentation.renderers.components.text - DEBUG - Text bounds: left=0, top=0, right=83, bottom=8
2025-01-26 19:14:34,421 - src.presentation.renderers.components.text - DEBUG - Text dimensions: 83x8
2025-01-26 19:14:34,422 - src.presentation.displays.rail_display - DEBUG - Drawing scroll content
2025-01-26 19:14:34,422 - src.presentation.displays.base_display - INFO - Updating device for display rail with image size (256, 64)
2025-01-26 19:14:34,422 - src.display_manager - DEBUG - Received image mode: 1, size: (256, 64)
2025-01-26 19:14:34,422 - src.display_manager - DEBUG - Image size: (256, 64), White pixels: 234/16384 (1.43%)
2025-01-26 19:14:34,427 - src.presentation.displays.tfl_display - INFO - Rendering TfL display
2025-01-26 19:14:34,427 - src.presentation.renderers.components.text - DEBUG - Rendering text: Waiting for data...
2025-01-26 19:14:34,428 - src.presentation.renderers.components.text - DEBUG - Text bounds: left=0, top=0, right=83, bottom=8
2025-01-26 19:14:34,428 - src.presentation.renderers.components.text - DEBUG - Text dimensions: 83x8
2025-01-26 19:14:34,429 - src.presentation.displays.tfl_display - DEBUG - Drawing text content: Waiting for data...
2025-01-26 19:14:34,429 - src.presentation.renderers.components.text - DEBUG - Rendering text: Waiting for data...
2025-01-26 19:14:34,430 - src.presentation.renderers.components.text - DEBUG - Text bounds: left=0, top=0, right=83, bottom=8
2025-01-26 19:14:34,430 - src.presentation.renderers.components.text - DEBUG - Text dimensions: 83x8
2025-01-26 19:14:34,430 - src.presentation.displays.tfl_display - DEBUG - Drawing scroll content
2025-01-26 19:14:34,430 - src.presentation.displays.base_display - INFO - Updating device for display tfl_secondary with image size (256, 64)
2025-01-26 19:14:34,430 - src.display_manager - DEBUG - Received image mode: 1, size: (256, 64)
2025-01-26 19:14:34,431 - src.display_manager - DEBUG - Image size: (256, 64), White pixels: 234/16384 (1.43%)
2025-01-26 19:14:34,535 - src.services.display_service - DEBUG - Updating all displays
2025-01-26 19:14:34,536 - src.presentation.displays.rail_display - INFO - Rendering rail display
2025-01-26 19:14:34,536 - src.presentation.renderers.components.text - DEBUG - Rendering text: Waiting for data...
2025-01-26 19:14:34,539 - src.presentation.renderers.components.text - DEBUG - Text bounds: left=0, top=0, right=83, bottom=8
2025-01-26 19:14:34,539 - src.presentation.renderers.components.text - DEBUG - Text dimensions: 83x8
2025-01-26 19:14:34,539 - src.presentation.displays.rail_display - DEBUG - Drawing text content: Waiting for data...
2025-01-26 19:14:34,540 - src.presentation.renderers.components.text - DEBUG - Rendering text: Waiting for data...
2025-01-26 19:14:34,543 - src.presentation.renderers.components.text - DEBUG - Text bounds: left=0, top=0, right=83, bottom=8
2025-01-26 19:14:34,543 - src.presentation.renderers.components.text - DEBUG - Text dimensions: 83x8
2025-01-26 19:14:34,543 - src.presentation.displays.rail_display - DEBUG - Drawing scroll content
2025-01-26 19:14:34,543 - src.presentation.displays.base_display - INFO - Updating device for display rail with image size (256, 64)
2025-01-26 19:14:34,543 - src.display_manager - DEBUG - Received image mode: 1, size: (256, 64)
2025-01-26 19:14:34,543 - src.display_manager - DEBUG - Image size: (256, 64), White pixels: 234/16384 (1.43%)
2025-01-26 19:14:34,545 - src.presentation.displays.tfl_display - INFO - Rendering TfL display
2025-01-26 19:14:34,545 - src.presentation.renderers.components.text - DEBUG - Rendering text: Waiting for data...
2025-01-26 19:14:34,546 - src.presentation.renderers.components.text - DEBUG - Text bounds: left=0, top=0, right=83, bottom=8
2025-01-26 19:14:34,546 - src.presentation.renderers.components.text - DEBUG - Text dimensions: 83x8
2025-01-26 19:14:34,546 - src.presentation.displays.tfl_display - DEBUG - Drawing text content: Waiting for data...
2025-01-26 19:14:34,546 - src.presentation.renderers.components.text - DEBUG - Rendering text: Waiting for data...
2025-01-26 19:14:34,547 - src.presentation.renderers.components.text - DEBUG - Text bounds: left=0, top=0, right=83, bottom=8
2025-01-26 19:14:34,547 - src.presentation.renderers.components.text - DEBUG - Text dimensions: 83x8
2025-01-26 19:14:34,547 - src.presentation.displays.tfl_display - DEBUG - Drawing scroll content
2025-01-26 19:14:34,547 - src.presentation.displays.base_display - INFO - Updating device for display tfl_secondary with image size (256, 64)
2025-01-26 19:14:34,547 - src.display_manager - DEBUG - Received image mode: 1, size: (256, 64)
2025-01-26 19:14:34,547 - src.display_manager - DEBUG - Image size: (256, 64), White pixels: 234/16384 (1.43%)
2025-01-26 19:14:34,650 - src.services.display_service - DEBUG - Updating all displays
2025-01-26 19:14:34,650 - src.presentation.displays.rail_display - INFO - Rendering rail display
2025-01-26 19:14:34,650 - src.presentation.renderers.components.text - DEBUG - Rendering text: Waiting for data...
2025-01-26 19:14:34,654 - src.presentation.renderers.components.text - DEBUG - Text bounds: left=0, top=0, right=83, bottom=8
2025-01-26 19:14:34,654 - src.presentation.renderers.components.text - DEBUG - Text dimensions: 83x8
2025-01-26 19:14:34,654 - src.presentation.displays.rail_display - DEBUG - Drawing text content: Waiting for data...
2025-01-26 19:14:34,654 - src.presentation.renderers.components.text - DEBUG - Rendering text: Waiting for data...
2025-01-26 19:14:34,656 - src.presentation.renderers.components.text - DEBUG - Text bounds: left=0, top=0, right=83, bottom=8
2025-01-26 19:14:34,656 - src.presentation.renderers.components.text - DEBUG - Text dimensions: 83x8
2025-01-26 19:14:34,656 - src.presentation.displays.rail_display - DEBUG - Drawing scroll content
2025-01-26 19:14:34,656 - src.presentation.displays.base_display - INFO - Updating device for display rail with image size (256, 64)
2025-01-26 19:14:34,656 - src.display_manager - DEBUG - Received image mode: 1, size: (256, 64)
2025-01-26 19:14:34,657 - src.display_manager - DEBUG - Image size: (256, 64), White pixels: 234/16384 (1.43%)
2025-01-26 19:14:34,661 - src.presentation.displays.tfl_display - INFO - Rendering TfL display
2025-01-26 19:14:34,662 - src.presentation.renderers.components.text - DEBUG - Rendering text: Waiting for data...
2025-01-26 19:14:34,663 - src.presentation.renderers.components.text - DEBUG - Text bounds: left=0, top=0, right=83, bottom=8
2025-01-26 19:14:34,663 - src.presentation.renderers.components.text - DEBUG - Text dimensions: 83x8
2025-01-26 19:14:34,663 - src.presentation.displays.tfl_display - DEBUG - Drawing text content: Waiting for data...
2025-01-26 19:14:34,664 - src.presentation.renderers.components.text - DEBUG - Rendering text: Waiting for data...
2025-01-26 19:14:34,665 - src.presentation.renderers.components.text - DEBUG - Text bounds: left=0, top=0, right=83, bottom=8
2025-01-26 19:14:34,665 - src.presentation.renderers.components.text - DEBUG - Text dimensions: 83x8
2025-01-26 19:14:34,665 - src.presentation.displays.tfl_display - DEBUG - Drawing scroll content
2025-01-26 19:14:34,665 - src.presentation.displays.base_display - INFO - Updating device for display tfl_secondary with image size (256, 64)
2025-01-26 19:14:34,665 - src.display_manager - DEBUG - Received image mode: 1, size: (256, 64)
2025-01-26 19:14:34,665 - src.display_manager - DEBUG - Image size: (256, 64), White pixels: 234/16384 (1.43%)
2025-01-26 19:14:34,769 - src.services.display_service - DEBUG - Updating all displays
2025-01-26 19:14:34,769 - src.presentation.displays.rail_display - INFO - Rendering rail display
2025-01-26 19:14:34,770 - src.presentation.renderers.components.text - DEBUG - Rendering text: Waiting for data...
2025-01-26 19:14:34,772 - src.presentation.renderers.components.text - DEBUG - Text bounds: left=0, top=0, right=83, bottom=8
2025-01-26 19:14:34,772 - src.presentation.renderers.components.text - DEBUG - Text dimensions: 83x8
2025-01-26 19:14:34,772 - src.presentation.displays.rail_display - DEBUG - Drawing text content: Waiting for data...
2025-01-26 19:14:34,772 - src.presentation.renderers.components.text - DEBUG - Rendering text: Waiting for data...
2025-01-26 19:14:34,774 - src.presentation.renderers.components.text - DEBUG - Text bounds: left=0, top=0, right=83, bottom=8
2025-01-26 19:14:34,774 - src.presentation.renderers.components.text - DEBUG - Text dimensions: 83x8
2025-01-26 19:14:34,774 - src.presentation.displays.rail_display - DEBUG - Drawing scroll content
2025-01-26 19:14:34,774 - src.presentation.displays.base_display - INFO - Updating device for display rail with image size (256, 64)
2025-01-26 19:14:34,774 - src.display_manager - DEBUG - Received image mode: 1, size: (256, 64)
2025-01-26 19:14:34,775 - src.display_manager - DEBUG - Image size: (256, 64), White pixels: 234/16384 (1.43%)
2025-01-26 19:14:34,779 - src.presentation.displays.tfl_display - INFO - Rendering TfL display
2025-01-26 19:14:34,780 - src.presentation.renderers.components.text - DEBUG - Rendering text: Waiting for data...
2025-01-26 19:14:34,781 - src.presentation.renderers.components.text - DEBUG - Text bounds: left=0, top=0, right=83, bottom=8
2025-01-26 19:14:34,781 - src.presentation.renderers.components.text - DEBUG - Text dimensions: 83x8
2025-01-26 19:14:34,781 - src.presentation.displays.tfl_display - DEBUG - Drawing text content: Waiting for data...
2025-01-26 19:14:34,781 - src.presentation.renderers.components.text - DEBUG - Rendering text: Waiting for data...
2025-01-26 19:14:34,783 - src.presentation.renderers.components.text - DEBUG - Text bounds: left=0, top=0, right=83, bottom=8
2025-01-26 19:14:34,783 - src.presentation.renderers.components.text - DEBUG - Text dimensions: 83x8
2025-01-26 19:14:34,783 - src.presentation.displays.tfl_display - DEBUG - Drawing scroll content
2025-01-26 19:14:34,783 - src.presentation.displays.base_display - INFO - Updating device for display tfl_secondary with image size (256, 64)
2025-01-26 19:14:34,784 - src.display_manager - DEBUG - Received image mode: 1, size: (256, 64)
2025-01-26 19:14:34,784 - src.display_manager - DEBUG - Image size: (256, 64), White pixels: 234/16384 (1.43%)
2025-01-26 19:14:34,897 - src.services.display_service - DEBUG - Updating all displays
2025-01-26 19:14:34,897 - src.presentation.displays.rail_display - INFO - Rendering rail display
2025-01-26 19:14:34,897 - src.presentation.renderers.components.text - DEBUG - Rendering text: Waiting for data...
2025-01-26 19:14:34,901 - src.presentation.renderers.components.text - DEBUG - Text bounds: left=0, top=0, right=83, bottom=8
2025-01-26 19:14:34,901 - src.presentation.renderers.components.text - DEBUG - Text dimensions: 83x8
2025-01-26 19:14:34,901 - src.presentation.displays.rail_display - DEBUG - Drawing text content: Waiting for data...
2025-01-26 19:14:34,901 - src.presentation.renderers.components.text - DEBUG - Rendering text: Waiting for data...
2025-01-26 19:14:34,903 - src.presentation.renderers.components.text - DEBUG - Text bounds: left=0, top=0, right=83, bottom=8
2025-01-26 19:14:34,903 - src.presentation.renderers.components.text - DEBUG - Text dimensions: 83x8
2025-01-26 19:14:34,903 - src.presentation.displays.rail_display - DEBUG - Drawing scroll content
2025-01-26 19:14:34,903 - src.presentation.displays.base_display - INFO - Updating device for display rail with image size (256, 64)
2025-01-26 19:14:34,903 - src.display_manager - DEBUG - Received image mode: 1, size: (256, 64)
2025-01-26 19:14:34,903 - src.display_manager - DEBUG - Image size: (256, 64), White pixels: 234/16384 (1.43%)
2025-01-26 19:14:34,906 - src.presentation.displays.tfl_display - INFO - Rendering TfL display
2025-01-26 19:14:34,906 - src.presentation.renderers.components.text - DEBUG - Rendering text: Waiting for data...
2025-01-26 19:14:34,908 - src.presentation.renderers.components.text - DEBUG - Text bounds: left=0, top=0, right=83, bottom=8
2025-01-26 19:14:34,908 - src.presentation.renderers.components.text - DEBUG - Text dimensions: 83x8
2025-01-26 19:14:34,908 - src.presentation.displays.tfl_display - DEBUG - Drawing text content: Waiting for data...
2025-01-26 19:14:34,908 - src.presentation.renderers.components.text - DEBUG - Rendering text: Waiting for data...
2025-01-26 19:14:34,909 - src.presentation.renderers.components.text - DEBUG - Text bounds: left=0, top=0, right=83, bottom=8
2025-01-26 19:14:34,909 - src.presentation.renderers.components.text - DEBUG - Text dimensions: 83x8
2025-01-26 19:14:34,909 - src.presentation.displays.tfl_display - DEBUG - Drawing scroll content
2025-01-26 19:14:34,909 - src.presentation.displays.base_display - INFO - Updating device for display tfl_secondary with image size (256, 64)
2025-01-26 19:14:34,909 - src.display_manager - DEBUG - Received image mode: 1, size: (256, 64)
2025-01-26 19:14:34,909 - src.display_manager - DEBUG - Image size: (256, 64), White pixels: 234/16384 (1.43%)
2025-01-26 19:14:35,014 - src.services.display_service - DEBUG - Updating all displays
2025-01-26 19:14:35,014 - src.presentation.displays.rail_display - INFO - Rendering rail display
2025-01-26 19:14:35,014 - src.presentation.renderers.components.text - DEBUG - Rendering text: Waiting for data...
2025-01-26 19:14:35,017 - src.presentation.renderers.components.text - DEBUG - Text bounds: left=0, top=0, right=83, bottom=8
2025-01-26 19:14:35,018 - src.presentation.renderers.components.text - DEBUG - Text dimensions: 83x8
2025-01-26 19:14:35,018 - src.presentation.displays.rail_display - DEBUG - Drawing text content: Waiting for data...
2025-01-26 19:14:35,018 - src.presentation.renderers.components.text - DEBUG - Rendering text: Waiting for data...
2025-01-26 19:14:35,020 - src.presentation.renderers.components.text - DEBUG - Text bounds: left=0, top=0, right=83, bottom=8
2025-01-26 19:14:35,020 - src.presentation.renderers.components.text - DEBUG - Text dimensions: 83x8
2025-01-26 19:14:35,020 - src.presentation.displays.rail_display - DEBUG - Drawing scroll content
2025-01-26 19:14:35,020 - src.presentation.displays.base_display - INFO - Updating device for display rail with image size (256, 64)
2025-01-26 19:14:35,021 - src.display_manager - DEBUG - Received image mode: 1, size: (256, 64)
2025-01-26 19:14:35,021 - src.display_manager - DEBUG - Image size: (256, 64), White pixels: 234/16384 (1.43%)
2025-01-26 19:14:35,025 - src.presentation.displays.tfl_display - INFO - Rendering TfL display
2025-01-26 19:14:35,026 - src.presentation.renderers.components.text - DEBUG - Rendering text: Waiting for data...
2025-01-26 19:14:35,027 - src.presentation.renderers.components.text - DEBUG - Text bounds: left=0, top=0, right=83, bottom=8
2025-01-26 19:14:35,027 - src.presentation.renderers.components.text - DEBUG - Text dimensions: 83x8
2025-01-26 19:14:35,027 - src.presentation.displays.tfl_display - DEBUG - Drawing text content: Waiting for data...
2025-01-26 19:14:35,027 - src.presentation.renderers.components.text - DEBUG - Rendering text: Waiting for data...
2025-01-26 19:14:35,029 - src.presentation.renderers.components.text - DEBUG - Text bounds: left=0, top=0, right=83, bottom=8
2025-01-26 19:14:35,029 - src.presentation.renderers.components.text - DEBUG - Text dimensions: 83x8
2025-01-26 19:14:35,029 - src.presentation.displays.tfl_display - DEBUG - Drawing scroll content
2025-01-26 19:14:35,029 - src.presentation.displays.base_display - INFO - Updating device for display tfl_secondary with image size (256, 64)
2025-01-26 19:14:35,029 - src.display_manager - DEBUG - Received image mode: 1, size: (256, 64)
2025-01-26 19:14:35,029 - src.display_manager - DEBUG - Image size: (256, 64), White pixels: 234/16384 (1.43%)
2025-01-26 19:14:35,133 - src.services.display_service - DEBUG - Updating all displays
2025-01-26 19:14:35,133 - src.presentation.displays.rail_display - INFO - Rendering rail display
2025-01-26 19:14:35,133 - src.presentation.renderers.components.text - DEBUG - Rendering text: Waiting for data...
2025-01-26 19:14:35,136 - src.presentation.renderers.components.text - DEBUG - Text bounds: left=0, top=0, right=83, bottom=8
2025-01-26 19:14:35,137 - src.presentation.renderers.components.text - DEBUG - Text dimensions: 83x8
2025-01-26 19:14:35,137 - src.presentation.displays.rail_display - DEBUG - Drawing text content: Waiting for data...
2025-01-26 19:14:35,137 - src.presentation.renderers.components.text - DEBUG - Rendering text: Waiting for data...
2025-01-26 19:14:35,138 - src.presentation.renderers.components.text - DEBUG - Text bounds: left=0, top=0, right=83, bottom=8
2025-01-26 19:14:35,139 - src.presentation.renderers.components.text - DEBUG - Text dimensions: 83x8
2025-01-26 19:14:35,139 - src.presentation.displays.rail_display - DEBUG - Drawing scroll content
2025-01-26 19:14:35,139 - src.presentation.displays.base_display - INFO - Updating device for display rail with image size (256, 64)
2025-01-26 19:14:35,139 - src.display_manager - DEBUG - Received image mode: 1, size: (256, 64)
2025-01-26 19:14:35,139 - src.display_manager - DEBUG - Image size: (256, 64), White pixels: 234/16384 (1.43%)
2025-01-26 19:14:35,144 - src.presentation.displays.tfl_display - INFO - Rendering TfL display
2025-01-26 19:14:35,144 - src.presentation.renderers.components.text - DEBUG - Rendering text: Waiting for data...
2025-01-26 19:14:35,145 - src.presentation.renderers.components.text - DEBUG - Text bounds: left=0, top=0, right=83, bottom=8
2025-01-26 19:14:35,145 - src.presentation.renderers.components.text - DEBUG - Text dimensions: 83x8
2025-01-26 19:14:35,145 - src.presentation.displays.tfl_display - DEBUG - Drawing text content: Waiting for data...
2025-01-26 19:14:35,145 - src.presentation.renderers.components.text - DEBUG - Rendering text: Waiting for data...
2025-01-26 19:14:35,147 - src.presentation.renderers.components.text - DEBUG - Text bounds: left=0, top=0, right=83, bottom=8
2025-01-26 19:14:35,147 - src.presentation.renderers.components.text - DEBUG - Text dimensions: 83x8
2025-01-26 19:14:35,147 - src.presentation.displays.tfl_display - DEBUG - Drawing scroll content
2025-01-26 19:14:35,147 - src.presentation.displays.base_display - INFO - Updating device for display tfl_secondary with image size (256, 64)
2025-01-26 19:14:35,147 - src.display_manager - DEBUG - Received image mode: 1, size: (256, 64)
2025-01-26 19:14:35,147 - src.display_manager - DEBUG - Image size: (256, 64), White pixels: 234/16384 (1.43%)
2025-01-26 19:14:35,251 - src.services.display_service - DEBUG - Updating all displays
2025-01-26 19:14:35,252 - src.presentation.displays.rail_display - INFO - Rendering rail display
2025-01-26 19:14:35,252 - src.presentation.renderers.components.text - DEBUG - Rendering text: Waiting for data...
2025-01-26 19:14:35,255 - src.presentation.renderers.components.text - DEBUG - Text bounds: left=0, top=0, right=83, bottom=8
2025-01-26 19:14:35,255 - src.presentation.renderers.components.text - DEBUG - Text dimensions: 83x8
2025-01-26 19:14:35,255 - src.presentation.displays.rail_display - DEBUG - Drawing text content: Waiting for data...
2025-01-26 19:14:35,256 - src.presentation.renderers.components.text - DEBUG - Rendering text: Waiting for data...
2025-01-26 19:14:35,257 - src.presentation.renderers.components.text - DEBUG - Text bounds: left=0, top=0, right=83, bottom=8
2025-01-26 19:14:35,257 - src.presentation.renderers.components.text - DEBUG - Text dimensions: 83x8
2025-01-26 19:14:35,257 - src.presentation.displays.rail_display - DEBUG - Drawing scroll content
2025-01-26 19:14:35,257 - src.presentation.displays.base_display - INFO - Updating device for display rail with image size (256, 64)
2025-01-26 19:14:35,257 - src.display_manager - DEBUG - Received image mode: 1, size: (256, 64)
2025-01-26 19:14:35,257 - src.display_manager - DEBUG - Image size: (256, 64), White pixels: 234/16384 (1.43%)
2025-01-26 19:14:35,260 - src.presentation.displays.tfl_display - INFO - Rendering TfL display
2025-01-26 19:14:35,260 - src.presentation.renderers.components.text - DEBUG - Rendering text: Waiting for data...
2025-01-26 19:14:35,261 - src.presentation.renderers.components.text - DEBUG - Text bounds: left=0, top=0, right=83, bottom=8
2025-01-26 19:14:35,261 - src.presentation.renderers.components.text - DEBUG - Text dimensions: 83x8
2025-01-26 19:14:35,261 - src.presentation.displays.tfl_display - DEBUG - Drawing text content: Waiting for data...
2025-01-26 19:14:35,261 - src.presentation.renderers.components.text - DEBUG - Rendering text: Waiting for data...
2025-01-26 19:14:35,262 - src.presentation.renderers.components.text - DEBUG - Text bounds: left=0, top=0, right=83, bottom=8
2025-01-26 19:14:35,262 - src.presentation.renderers.components.text - DEBUG - Text dimensions: 83x8
2025-01-26 19:14:35,262 - src.presentation.displays.tfl_display - DEBUG - Drawing scroll content
2025-01-26 19:14:35,262 - src.presentation.displays.base_display - INFO - Updating device for display tfl_secondary with image size (256, 64)
2025-01-26 19:14:35,262 - src.display_manager - DEBUG - Received image mode: 1, size: (256, 64)
2025-01-26 19:14:35,262 - src.display_manager - DEBUG - Image size: (256, 64), White pixels: 234/16384 (1.43%)
2025-01-26 19:14:35,365 - src.services.display_service - DEBUG - Updating all displays
2025-01-26 19:14:35,366 - src.presentation.displays.rail_display - INFO - Rendering rail display
2025-01-26 19:14:35,366 - src.presentation.renderers.components.text - DEBUG - Rendering text: Waiting for data...
2025-01-26 19:14:35,369 - src.presentation.renderers.components.text - DEBUG - Text bounds: left=0, top=0, right=83, bottom=8
2025-01-26 19:14:35,369 - src.presentation.renderers.components.text - DEBUG - Text dimensions: 83x8
2025-01-26 19:14:35,369 - src.presentation.displays.rail_display - DEBUG - Drawing text content: Waiting for data...
2025-01-26 19:14:35,369 - src.presentation.renderers.components.text - DEBUG - Rendering text: Waiting for data...
2025-01-26 19:14:35,371 - src.presentation.renderers.components.text - DEBUG - Text bounds: left=0, top=0, right=83, bottom=8
2025-01-26 19:14:35,371 - src.presentation.renderers.components.text - DEBUG - Text dimensions: 83x8
2025-01-26 19:14:35,371 - src.presentation.displays.rail_display - DEBUG - Drawing scroll content
2025-01-26 19:14:35,371 - src.presentation.displays.base_display - INFO - Updating device for display rail with image size (256, 64)
2025-01-26 19:14:35,371 - src.display_manager - DEBUG - Received image mode: 1, size: (256, 64)
2025-01-26 19:14:35,371 - src.display_manager - DEBUG - Image size: (256, 64), White pixels: 234/16384 (1.43%)
2025-01-26 19:14:35,374 - src.presentation.displays.tfl_display - INFO - Rendering TfL display
2025-01-26 19:14:35,374 - src.presentation.renderers.components.text - DEBUG - Rendering text: Waiting for data...
2025-01-26 19:14:35,375 - src.presentation.renderers.components.text - DEBUG - Text bounds: left=0, top=0, right=83, bottom=8
2025-01-26 19:14:35,375 - src.presentation.renderers.components.text - DEBUG - Text dimensions: 83x8
2025-01-26 19:14:35,375 - src.presentation.displays.tfl_display - DEBUG - Drawing text content: Waiting for data...
2025-01-26 19:14:35,375 - src.presentation.renderers.components.text - DEBUG - Rendering text: Waiting for data...
2025-01-26 19:14:35,377 - src.presentation.renderers.components.text - DEBUG - Text bounds: left=0, top=0, right=83, bottom=8
2025-01-26 19:14:35,377 - src.presentation.renderers.components.text - DEBUG - Text dimensions: 83x8
2025-01-26 19:14:35,377 - src.presentation.displays.tfl_display - DEBUG - Drawing scroll content
2025-01-26 19:14:35,377 - src.presentation.displays.base_display - INFO - Updating device for display tfl_secondary with image size (256, 64)
2025-01-26 19:14:35,377 - src.display_manager - DEBUG - Received image mode: 1, size: (256, 64)
2025-01-26 19:14:35,377 - src.display_manager - DEBUG - Image size: (256, 64), White pixels: 234/16384 (1.43%)
2025-01-26 19:14:35,481 - src.services.display_service - DEBUG - Updating all displays
2025-01-26 19:14:35,481 - src.presentation.displays.rail_display - INFO - Rendering rail display
2025-01-26 19:14:35,481 - src.presentation.renderers.components.text - DEBUG - Rendering text: Waiting for data...
2025-01-26 19:14:35,485 - src.presentation.renderers.components.text - DEBUG - Text bounds: left=0, top=0, right=83, bottom=8
2025-01-26 19:14:35,485 - src.presentation.renderers.components.text - DEBUG - Text dimensions: 83x8
2025-01-26 19:14:35,485 - src.presentation.displays.rail_display - DEBUG - Drawing text content: Waiting for data...
2025-01-26 19:14:35,485 - src.presentation.renderers.components.text - DEBUG - Rendering text: Waiting for data...
2025-01-26 19:14:35,488 - src.presentation.renderers.components.text - DEBUG - Text bounds: left=0, top=0, right=83, bottom=8
2025-01-26 19:14:35,488 - src.presentation.renderers.components.text - DEBUG - Text dimensions: 83x8
2025-01-26 19:14:35,488 - src.presentation.displays.rail_display - DEBUG - Drawing scroll content
2025-01-26 19:14:35,488 - src.presentation.displays.base_display - INFO - Updating device for display rail with image size (256, 64)
2025-01-26 19:14:35,488 - src.display_manager - DEBUG - Received image mode: 1, size: (256, 64)
2025-01-26 19:14:35,489 - src.display_manager - DEBUG - Image size: (256, 64), White pixels: 234/16384 (1.43%)
2025-01-26 19:14:35,493 - src.presentation.displays.tfl_display - INFO - Rendering TfL display
2025-01-26 19:14:35,493 - src.presentation.renderers.components.text - DEBUG - Rendering text: Waiting for data...
2025-01-26 19:14:35,495 - src.presentation.renderers.components.text - DEBUG - Text bounds: left=0, top=0, right=83, bottom=8
2025-01-26 19:14:35,495 - src.presentation.renderers.components.text - DEBUG - Text dimensions: 83x8
2025-01-26 19:14:35,495 - src.presentation.displays.tfl_display - DEBUG - Drawing text content: Waiting for data...
2025-01-26 19:14:35,495 - src.presentation.renderers.components.text - DEBUG - Rendering text: Waiting for data...
2025-01-26 19:14:35,497 - src.presentation.renderers.components.text - DEBUG - Text bounds: left=0, top=0, right=83, bottom=8
2025-01-26 19:14:35,497 - src.presentation.renderers.components.text - DEBUG - Text dimensions: 83x8
2025-01-26 19:14:35,497 - src.presentation.displays.tfl_display - DEBUG - Drawing scroll content
2025-01-26 19:14:35,497 - src.presentation.displays.base_display - INFO - Updating device for display tfl_secondary with image size (256, 64)
2025-01-26 19:14:35,497 - src.display_manager - DEBUG - Received image mode: 1, size: (256, 64)
2025-01-26 19:14:35,498 - src.display_manager - DEBUG - Image size: (256, 64), White pixels: 234/16384 (1.43%)
2025-01-26 19:14:35,603 - src.services.display_service - DEBUG - Updating all displays
2025-01-26 19:14:35,603 - src.presentation.displays.rail_display - INFO - Rendering rail display
2025-01-26 19:14:35,603 - src.presentation.renderers.components.text - DEBUG - Rendering text: Waiting for data...
2025-01-26 19:14:35,606 - src.presentation.renderers.components.text - DEBUG - Text bounds: left=0, top=0, right=83, bottom=8
2025-01-26 19:14:35,606 - src.presentation.renderers.components.text - DEBUG - Text dimensions: 83x8
2025-01-26 19:14:35,607 - src.presentation.displays.rail_display - DEBUG - Drawing text content: Waiting for data...
2025-01-26 19:14:35,607 - src.presentation.renderers.components.text - DEBUG - Rendering text: Waiting for data...
2025-01-26 19:14:35,610 - src.presentation.renderers.components.text - DEBUG - Text bounds: left=0, top=0, right=83, bottom=8
2025-01-26 19:14:35,610 - src.presentation.renderers.components.text - DEBUG - Text dimensions: 83x8
2025-01-26 19:14:35,610 - src.presentation.displays.rail_display - DEBUG - Drawing scroll content
2025-01-26 19:14:35,610 - src.presentation.displays.base_display - INFO - Updating device for display rail with image size (256, 64)
2025-01-26 19:14:35,610 - src.display_manager - DEBUG - Received image mode: 1, size: (256, 64)
2025-01-26 19:14:35,611 - src.display_manager - DEBUG - Image size: (256, 64), White pixels: 234/16384 (1.43%)
2025-01-26 19:14:35,612 - src.presentation.displays.tfl_display - INFO - Rendering TfL display
2025-01-26 19:14:35,612 - src.presentation.renderers.components.text - DEBUG - Rendering text: Waiting for data...
2025-01-26 19:14:35,613 - src.presentation.renderers.components.text - DEBUG - Text bounds: left=0, top=0, right=83, bottom=8
2025-01-26 19:14:35,613 - src.presentation.renderers.components.text - DEBUG - Text dimensions: 83x8
2025-01-26 19:14:35,613 - src.presentation.displays.tfl_display - DEBUG - Drawing text content: Waiting for data...
2025-01-26 19:14:35,613 - src.presentation.renderers.components.text - DEBUG - Rendering text: Waiting for data...
2025-01-26 19:14:35,614 - src.presentation.renderers.components.text - DEBUG - Text bounds: left=0, top=0, right=83, bottom=8
2025-01-26 19:14:35,614 - src.presentation.renderers.components.text - DEBUG - Text dimensions: 83x8
2025-01-26 19:14:35,614 - src.presentation.displays.tfl_display - DEBUG - Drawing scroll content
2025-01-26 19:14:35,614 - src.presentation.displays.base_display - INFO - Updating device for display tfl_secondary with image size (256, 64)
2025-01-26 19:14:35,614 - src.display_manager - DEBUG - Received image mode: 1, size: (256, 64)
2025-01-26 19:14:35,614 - src.display_manager - DEBUG - Image size: (256, 64), White pixels: 234/16384 (1.43%)
2025-01-26 19:14:35,730 - src.services.display_service - DEBUG - Updating all displays
2025-01-26 19:14:35,730 - src.presentation.displays.rail_display - INFO - Rendering rail display
2025-01-26 19:14:35,731 - src.presentation.renderers.components.text - DEBUG - Rendering text: Waiting for data...
2025-01-26 19:14:35,732 - src.presentation.renderers.components.text - DEBUG - Text bounds: left=0, top=0, right=83, bottom=8
2025-01-26 19:14:35,732 - src.presentation.renderers.components.text - DEBUG - Text dimensions: 83x8
2025-01-26 19:14:35,732 - src.presentation.displays.rail_display - DEBUG - Drawing text content: Waiting for data...
2025-01-26 19:14:35,732 - src.presentation.renderers.components.text - DEBUG - Rendering text: Waiting for data...
2025-01-26 19:14:35,734 - src.presentation.renderers.components.text - DEBUG - Text bounds: left=0, top=0, right=83, bottom=8
2025-01-26 19:14:35,734 - src.presentation.renderers.components.text - DEBUG - Text dimensions: 83x8
2025-01-26 19:14:35,734 - src.presentation.displays.rail_display - DEBUG - Drawing scroll content
2025-01-26 19:14:35,734 - src.presentation.displays.base_display - INFO - Updating device for display rail with image size (256, 64)
2025-01-26 19:14:35,734 - src.display_manager - DEBUG - Received image mode: 1, size: (256, 64)
2025-01-26 19:14:35,734 - src.display_manager - DEBUG - Image size: (256, 64), White pixels: 234/16384 (1.43%)
2025-01-26 19:14:35,738 - src.presentation.displays.tfl_display - INFO - Rendering TfL display
2025-01-26 19:14:35,738 - src.presentation.renderers.components.text - DEBUG - Rendering text: Waiting for data...
2025-01-26 19:14:35,740 - src.presentation.renderers.components.text - DEBUG - Text bounds: left=0, top=0, right=83, bottom=8
2025-01-26 19:14:35,740 - src.presentation.renderers.components.text - DEBUG - Text dimensions: 83x8
2025-01-26 19:14:35,740 - src.presentation.displays.tfl_display - DEBUG - Drawing text content: Waiting for data...
2025-01-26 19:14:35,740 - src.presentation.renderers.components.text - DEBUG - Rendering text: Waiting for data...
2025-01-26 19:14:35,741 - src.presentation.renderers.components.text - DEBUG - Text bounds: left=0, top=0, right=83, bottom=8
2025-01-26 19:14:35,741 - src.presentation.renderers.components.text - DEBUG - Text dimensions: 83x8
2025-01-26 19:14:35,741 - src.presentation.displays.tfl_display - DEBUG - Drawing scroll content
2025-01-26 19:14:35,741 - src.presentation.displays.base_display - INFO - Updating device for display tfl_secondary with image size (256, 64)
2025-01-26 19:14:35,741 - src.display_manager - DEBUG - Received image mode: 1, size: (256, 64)
2025-01-26 19:14:35,741 - src.display_manager - DEBUG - Image size: (256, 64), White pixels: 234/16384 (1.43%)
2025-01-26 19:14:35,848 - src.services.display_service - DEBUG - Updating all displays
2025-01-26 19:14:35,848 - src.presentation.displays.rail_display - INFO - Rendering rail display
2025-01-26 19:14:35,848 - src.presentation.renderers.components.text - DEBUG - Rendering text: Waiting for data...
2025-01-26 19:14:35,851 - src.presentation.renderers.components.text - DEBUG - Text bounds: left=0, top=0, right=83, bottom=8
2025-01-26 19:14:35,851 - src.presentation.renderers.components.text - DEBUG - Text dimensions: 83x8
2025-01-26 19:14:35,852 - src.presentation.displays.rail_display - DEBUG - Drawing text content: Waiting for data...
2025-01-26 19:14:35,852 - src.presentation.renderers.components.text - DEBUG - Rendering text: Waiting for data...
2025-01-26 19:14:35,853 - src.presentation.renderers.components.text - DEBUG - Text bounds: left=0, top=0, right=83, bottom=8
2025-01-26 19:14:35,853 - src.presentation.renderers.components.text - DEBUG - Text dimensions: 83x8
2025-01-26 19:14:35,854 - src.presentation.displays.rail_display - DEBUG - Drawing scroll content
2025-01-26 19:14:35,854 - src.presentation.displays.base_display - INFO - Updating device for display rail with image size (256, 64)
2025-01-26 19:14:35,854 - src.display_manager - DEBUG - Received image mode: 1, size: (256, 64)
2025-01-26 19:14:35,854 - src.display_manager - DEBUG - Image size: (256, 64), White pixels: 234/16384 (1.43%)
